
    0   1   2   3   4   5   6   7 
  +---+---+---+---+---+---+---+---+
 0| h1|   | T3|   |   |   |   |   |
  +---+---+---+---+---+---+---+---+
 1| h1|   |   |   |   | F2|   |   |
  +---+---+---+---+---+---+---+---+
 2| b2|   |   | S2| ~~|   | b2|   |
  +---+---+---+---+---+---+---+---+
 3|   |   | h1|   | ~~| ~~|   | T3|
  +---+---+---+---+---+---+---+---+
 4| /\|   |   | ~~|   | ~~|   |   |
  +---+---+---+---+---+---+---+---+
 5| h1|   |   | F2|   | b2| /\| /\|
  +---+---+---+---+---+---+---+---+
 6| h1| h1| \/|   | b2|   |   | T3|
  +---+---+---+---+---+---+---+---+
 7|   |   | S2|   |   | /\|   |   |
  +---+---+---+---+---+---+---+---+


    0   1   2   3   4   5   6   7 
  +---+---+---+---+---+---+---+---+
 0| h1|   |+T3|   |   |   |   |   |
  +---+---+---+---+---+---+---+---+
 1| h1|   |   |   |   |+F2|   |   |
  +---+---+---+---+---+---+---+---+
 2| b2|   |   |+S2| ~~|   | b2|   |
  +---+---+---+---+---+---+---+---+
 3|   |   | h1|   | ~~| ~~|   |+T3|
  +---+---+---+---+---+---+---+---+
 4| /\|   |   | ~~|   | ~~|   |   |
  +---+---+---+---+---+---+---+---+
 5| h1|   |   |+F2|   | b2| /\| /\|
  +---+---+---+---+---+---+---+---+
 6| h1| h1| \/|   | b2|   |   |+T3|
  +---+---+---+---+---+---+---+---+
 7|   |   |+S2|   |   | /\|   |   |
  +---+---+---+---+---+---+---+---+

End this turn (y,n)?
Please select a unit:
No unit at (2, 4)!
Please select a unit:
1.Move 2.Attack 3.Skip 
Select your action:

    0   1   2   3   4   5   6   7 
  +---+---+---+---+---+---+---+---+
 0| h1|   | T3|.  |.  |   |   |   |
  +---+---+---+---+---+---+---+---+
 1| h1|.  |.  |.  |.  | F2|   |   |
  +---+---+---+---+---+---+---+---+
 2| b2|.  |.  |.S2| ~~|   | b2|   |
  +---+---+---+---+---+---+---+---+
 3|   |.  | h1|.  | ~~| ~~|   | T3|
  +---+---+---+---+---+---+---+---+
 4| /\|   |   | ~~|   | ~~|   |   |
  +---+---+---+---+---+---+---+---+
 5| h1|   |   | F2|   | b2| /\| /\|
  +---+---+---+---+---+---+---+---+
 6| h1| h1| \/|   | b2|   |   | T3|
  +---+---+---+---+---+---+---+---+
 7|   |   | S2|   |   | /\|   |   |
  +---+---+---+---+---+---+---+---+

Please enter your destination:

    0   1   2   3   4   5   6   7 
  +---+---+---+---+---+---+---+---+
 0| h1|   |+T3|   |   |   |   |   |
  +---+---+---+---+---+---+---+---+
 1| h1|   |   |   |   |+F2|   |   |
  +---+---+---+---+---+---+---+---+
 2| b2|   |   |   | ~~|   | b2|   |
  +---+---+---+---+---+---+---+---+
 3|   |   | h1|+S2| ~~| ~~|   |+T3|
  +---+---+---+---+---+---+---+---+
 4| /\|   |   | ~~|   | ~~|   |   |
  +---+---+---+---+---+---+---+---+
 5| h1|   |   |+F2|   | b2| /\| /\|
  +---+---+---+---+---+---+---+---+
 6| h1| h1| \/|   | b2|   |   |+T3|
  +---+---+---+---+---+---+---+---+
 7|   |   |+S2|   |   | /\|   |   |
  +---+---+---+---+---+---+---+---+

End this turn (y,n)?
Please select a unit:
1.Attack 2.Skip 
Select your action:

    0   1   2   3   4   5   6   7 
  +---+---+---+---+---+---+---+---+
 0| h1|   | T3|   |   |   |   |   |
  +---+---+---+---+---+---+---+---+
 1| h1|   |   |   |   | F2|   |   |
  +---+---+---+---+---+---+---+---+
 2| b2|   |   |*  | ~~|   | b2|   |
  +---+---+---+---+---+---+---+---+
 3|   |   |*h1| S2|*~~| ~~|   | T3|
  +---+---+---+---+---+---+---+---+
 4| /\|   |   |*~~|   | ~~|   |   |
  +---+---+---+---+---+---+---+---+
 5| h1|   |   | F2|   | b2| /\| /\|
  +---+---+---+---+---+---+---+---+
 6| h1| h1| \/|   | b2|   |   | T3|
  +---+---+---+---+---+---+---+---+
 7|   |   | S2|   |   | /\|   |   |
  +---+---+---+---+---+---+---+---+

Please enter your target:

    0   1   2   3   4   5   6   7 
  +---+---+---+---+---+---+---+---+
 0| h1|   |+T3|   |   |   |   |   |
  +---+---+---+---+---+---+---+---+
 1| h1|   |   |   |   |+F2|   |   |
  +---+---+---+---+---+---+---+---+
 2| b2|   |   |   | ~~|   | b2|   |
  +---+---+---+---+---+---+---+---+
 3|   |   |   | S2| ~~| ~~|   |+T3|
  +---+---+---+---+---+---+---+---+
 4| /\|   |   | ~~|   | ~~|   |   |
  +---+---+---+---+---+---+---+---+
 5| h1|   |   |+F2|   | b2| /\| /\|
  +---+---+---+---+---+---+---+---+
 6| h1| h1| \/|   | b2|   |   |+T3|
  +---+---+---+---+---+---+---+---+
 7|   |   |+S2|   |   | /\|   |   |
  +---+---+---+---+---+---+---+---+

End this turn (y,n)?
Please select a unit:
1.Move 2.Attack 3.Skip 
Select your action:

    0   1   2   3   4   5   6   7 
  +---+---+---+---+---+---+---+---+
 0| h1|.  |.T3|.  |.  |   |   |   |
  +---+---+---+---+---+---+---+---+
 1| h1|.  |.  |.  |   | F2|   |   |
  +---+---+---+---+---+---+---+---+
 2| b2|   |.  |   | ~~|   | b2|   |
  +---+---+---+---+---+---+---+---+
 3|   |   |   | S2| ~~| ~~|   | T3|
  +---+---+---+---+---+---+---+---+
 4| /\|   |   | ~~|   | ~~|   |   |
  +---+---+---+---+---+---+---+---+
 5| h1|   |   | F2|   | b2| /\| /\|
  +---+---+---+---+---+---+---+---+
 6| h1| h1| \/|   | b2|   |   | T3|
  +---+---+---+---+---+---+---+---+
 7|   |   | S2|   |   | /\|   |   |
  +---+---+---+---+---+---+---+---+

Please enter your destination:

    0   1   2   3   4   5   6   7 
  +---+---+---+---+---+---+---+---+
 0| h1|   |   |   |+T3|   |   |   |
  +---+---+---+---+---+---+---+---+
 1| h1|   |   |   |   |+F2|   |   |
  +---+---+---+---+---+---+---+---+
 2| b2|   |   |   | ~~|   | b2|   |
  +---+---+---+---+---+---+---+---+
 3|   |   |   | S2| ~~| ~~|   |+T3|
  +---+---+---+---+---+---+---+---+
 4| /\|   |   | ~~|   | ~~|   |   |
  +---+---+---+---+---+---+---+---+
 5| h1|   |   |+F2|   | b2| /\| /\|
  +---+---+---+---+---+---+---+---+
 6| h1| h1| \/|   | b2|   |   |+T3|
  +---+---+---+---+---+---+---+---+
 7|   |   |+S2|   |   | /\|   |   |
  +---+---+---+---+---+---+---+---+

End this turn (y,n)?
Please select a unit:
1.Attack 2.Skip 
Select your action:

    0   1   2   3   4   5   6   7 
  +---+---+---+---+---+---+---+---+
 0|*h1|*  |*  |*  | T3|*  |*  |*  |
  +---+---+---+---+---+---+---+---+
 1| h1|   |   |   |*  | F2|   |   |
  +---+---+---+---+---+---+---+---+
 2| b2|   |   |   |*~~|   | b2|   |
  +---+---+---+---+---+---+---+---+
 3|   |   |   | S2| ~~| ~~|   | T3|
  +---+---+---+---+---+---+---+---+
 4| /\|   |   | ~~|   | ~~|   |   |
  +---+---+---+---+---+---+---+---+
 5| h1|   |   | F2|   | b2| /\| /\|
  +---+---+---+---+---+---+---+---+
 6| h1| h1| \/|   | b2|   |   | T3|
  +---+---+---+---+---+---+---+---+
 7|   |   | S2|   |   | /\|   |   |
  +---+---+---+---+---+---+---+---+

Please enter your target:

    0   1   2   3   4   5   6   7 
  +---+---+---+---+---+---+---+---+
 0|   |   |   |   | T3|   |   |   |
  +---+---+---+---+---+---+---+---+
 1| h1|   |   |   |   |+F2|   |   |
  +---+---+---+---+---+---+---+---+
 2| b2|   |   |   | ~~|   | b2|   |
  +---+---+---+---+---+---+---+---+
 3|   |   |   | S2| ~~| ~~|   |+T3|
  +---+---+---+---+---+---+---+---+
 4| /\|   |   | ~~|   | ~~|   |   |
  +---+---+---+---+---+---+---+---+
 5| h1|   |   |+F2|   | b2| /\| /\|
  +---+---+---+---+---+---+---+---+
 6| h1| h1| \/|   | b2|   |   |+T3|
  +---+---+---+---+---+---+---+---+
 7|   |   |+S2|   |   | /\|   |   |
  +---+---+---+---+---+---+---+---+

End this turn (y,n)?
Please select a unit:
1.Move 2.Attack 3.Skip 
Select your action:

    0   1   2   3   4   5   6   7 
  +---+---+---+---+---+---+---+---+
 0|   |   |   |   | T3|   |   |   |
  +---+---+---+---+---+---+---+---+
 1| h1|   |   |   |   | F2|   |.  |
  +---+---+---+---+---+---+---+---+
 2| b2|   |   |   | ~~|   | b2|.  |
  +---+---+---+---+---+---+---+---+
 3|   |   |   | S2| ~~| ~~|.  |.T3|
  +---+---+---+---+---+---+---+---+
 4| /\|   |   | ~~|   | ~~|.  |.  |
  +---+---+---+---+---+---+---+---+
 5| h1|   |   | F2|   | b2| /\| /\|
  +---+---+---+---+---+---+---+---+
 6| h1| h1| \/|   | b2|   |   | T3|
  +---+---+---+---+---+---+---+---+
 7|   |   | S2|   |   | /\|   |   |
  +---+---+---+---+---+---+---+---+

Please enter your destination:

    0   1   2   3   4   5   6   7 
  +---+---+---+---+---+---+---+---+
 0|   |   |   |   | T3|   |   |   |
  +---+---+---+---+---+---+---+---+
 1| h1|   |   |   |   |+F2|   |   |
  +---+---+---+---+---+---+---+---+
 2| b2|   |   |   | ~~|   | b2|   |
  +---+---+---+---+---+---+---+---+
 3|   |   |   | S2| ~~| ~~|   |   |
  +---+---+---+---+---+---+---+---+
 4| /\|   |   | ~~|   | ~~|+T3|   |
  +---+---+---+---+---+---+---+---+
 5| h1|   |   |+F2|   | b2| /\| /\|
  +---+---+---+---+---+---+---+---+
 6| h1| h1| \/|   | b2|   |   |+T3|
  +---+---+---+---+---+---+---+---+
 7|   |   |+S2|   |   | /\|   |   |
  +---+---+---+---+---+---+---+---+

End this turn (y,n)?
Please select a unit:
1.Attack 2.Skip 
Select your action:

    0   1   2   3   4   5   6   7 
  +---+---+---+---+---+---+---+---+
 0|   |   |   |   | T3|   |   |   |
  +---+---+---+---+---+---+---+---+
 1| h1|   |   |   |   | F2|   |   |
  +---+---+---+---+---+---+---+---+
 2| b2|   |   |   | ~~|   |*b2|   |
  +---+---+---+---+---+---+---+---+
 3|   |   |   | S2| ~~| ~~|*  |   |
  +---+---+---+---+---+---+---+---+
 4| /\|   |   | ~~|   |*~~| T3|*  |
  +---+---+---+---+---+---+---+---+
 5| h1|   |   | F2|   | b2|*/\| /\|
  +---+---+---+---+---+---+---+---+
 6| h1| h1| \/|   | b2|   |   | T3|
  +---+---+---+---+---+---+---+---+
 7|   |   | S2|   |   | /\|   |   |
  +---+---+---+---+---+---+---+---+

Please enter your target:

    0   1   2   3   4   5   6   7 
  +---+---+---+---+---+---+---+---+
 0|   |   |   |   | T3|   |   |   |
  +---+---+---+---+---+---+---+---+
 1| h1|   |   |   |   |+F2| b1|   |
  +---+---+---+---+---+---+---+---+
 2| b2|   |   |   | ~~|   |   |   |
  +---+---+---+---+---+---+---+---+
 3|   |   |   | S2| ~~| ~~|   |   |
  +---+---+---+---+---+---+---+---+
 4| /\|   |   | ~~|   | ~~| T3|   |
  +---+---+---+---+---+---+---+---+
 5| h1|   |   |+F2|   | b2| /\| /\|
  +---+---+---+---+---+---+---+---+
 6| h1| h1| \/|   | b2|   |   |+T3|
  +---+---+---+---+---+---+---+---+
 7|   |   |+S2|   |   | /\|   |   |
  +---+---+---+---+---+---+---+---+

End this turn (y,n)?
Please select a unit:
1.Move 2.Attack 3.Skip 
Select your action:

    0   1   2   3   4   5   6   7 
  +---+---+---+---+---+---+---+---+
 0|   |.  |.  |.  | T3|.  |.  |.  |
  +---+---+---+---+---+---+---+---+
 1| h1|.  |.  |.  |.  |.F2| b1|.  |
  +---+---+---+---+---+---+---+---+
 2| b2|.  |.  |.  |.~~|.  |.  |.  |
  +---+---+---+---+---+---+---+---+
 3|   |   |.  | S2|.~~|.~~|.  |.  |
  +---+---+---+---+---+---+---+---+
 4| /\|   |   |.~~|.  |.~~| T3|.  |
  +---+---+---+---+---+---+---+---+
 5| h1|   |   | F2|.  | b2| /\| /\|
  +---+---+---+---+---+---+---+---+
 6| h1| h1| \/|   | b2|   |   | T3|
  +---+---+---+---+---+---+---+---+
 7|   |   | S2|   |   | /\|   |   |
  +---+---+---+---+---+---+---+---+

Please enter your destination:

    0   1   2   3   4   5   6   7 
  +---+---+---+---+---+---+---+---+
 0|   |   |   |   | T3|   |+F2|   |
  +---+---+---+---+---+---+---+---+
 1| h1|   |   |   |   |   | b1|   |
  +---+---+---+---+---+---+---+---+
 2| b2|   |   |   | ~~|   |   |   |
  +---+---+---+---+---+---+---+---+
 3|   |   |   | S2| ~~| ~~|   |   |
  +---+---+---+---+---+---+---+---+
 4| /\|   |   | ~~|   | ~~| T3|   |
  +---+---+---+---+---+---+---+---+
 5| h1|   |   |+F2|   | b2| /\| /\|
  +---+---+---+---+---+---+---+---+
 6| h1| h1| \/|   | b2|   |   |+T3|
  +---+---+---+---+---+---+---+---+
 7|   |   |+S2|   |   | /\|   |   |
  +---+---+---+---+---+---+---+---+

End this turn (y,n)?
Please select a unit:
1.Attack 2.Skip 
Select your action:

    0   1   2   3   4   5   6   7 
  +---+---+---+---+---+---+---+---+
 0|   |   |   |   |*T3|   | F2|   |
  +---+---+---+---+---+---+---+---+
 1| h1|   |   |   |   |   | b1|   |
  +---+---+---+---+---+---+---+---+
 2| b2|   |   |   | ~~|   |*  |   |
  +---+---+---+---+---+---+---+---+
 3|   |   |   | S2| ~~| ~~|   |   |
  +---+---+---+---+---+---+---+---+
 4| /\|   |   | ~~|   | ~~| T3|   |
  +---+---+---+---+---+---+---+---+
 5| h1|   |   | F2|   | b2| /\| /\|
  +---+---+---+---+---+---+---+---+
 6| h1| h1| \/|   | b2|   |   | T3|
  +---+---+---+---+---+---+---+---+
 7|   |   | S2|   |   | /\|   |   |
  +---+---+---+---+---+---+---+---+

Please enter your target:

    0   1   2   3   4   5   6   7 
  +---+---+---+---+---+---+---+---+
 0|   |   |   |   | T3|   | F1|   |
  +---+---+---+---+---+---+---+---+
 1| h1|   |   |   |   |   |   |   |
  +---+---+---+---+---+---+---+---+
 2| b2|   |   |   | ~~|   |   |   |
  +---+---+---+---+---+---+---+---+
 3|   |   |   | S2| ~~| ~~|   |   |
  +---+---+---+---+---+---+---+---+
 4| /\|   |   | ~~|   | ~~| T3|   |
  +---+---+---+---+---+---+---+---+
 5| h1|   |   |+F2|   | b2| /\| /\|
  +---+---+---+---+---+---+---+---+
 6| h1| h1| \/|   | b2|   |   |+T3|
  +---+---+---+---+---+---+---+---+
 7|   |   |+S2|   |   | /\|   |   |
  +---+---+---+---+---+---+---+---+

End this turn (y,n)?
Please select a unit:
1.Move 2.Attack 3.Skip 
Select your action:

    0   1   2   3   4   5   6   7 
  +---+---+---+---+---+---+---+---+
 0|   |   |   |   | T3|   | F1|   |
  +---+---+---+---+---+---+---+---+
 1| h1|   |   |   |   |   |   |   |
  +---+---+---+---+---+---+---+---+
 2| b2|   |   |   | ~~|   |   |   |
  +---+---+---+---+---+---+---+---+
 3|   |   |   | S2| ~~| ~~|   |   |
  +---+---+---+---+---+---+---+---+
 4| /\|   |   | ~~|   | ~~| T3|   |
  +---+---+---+---+---+---+---+---+
 5| h1|   |   | F2|   | b2| /\| /\|
  +---+---+---+---+---+---+---+---+
 6| h1| h1| \/|   | b2|.  |.  |.T3|
  +---+---+---+---+---+---+---+---+
 7|   |   | S2|   |   | /\|.  |.  |
  +---+---+---+---+---+---+---+---+

Please enter your destination:

    0   1   2   3   4   5   6   7 
  +---+---+---+---+---+---+---+---+
 0|   |   |   |   | T3|   | F1|   |
  +---+---+---+---+---+---+---+---+
 1| h1|   |   |   |   |   |   |   |
  +---+---+---+---+---+---+---+---+
 2| b2|   |   |   | ~~|   |   |   |
  +---+---+---+---+---+---+---+---+
 3|   |   |   | S2| ~~| ~~|   |   |
  +---+---+---+---+---+---+---+---+
 4| /\|   |   | ~~|   | ~~| T3|   |
  +---+---+---+---+---+---+---+---+
 5| h1|   |   |+F2|   | b2| /\| /\|
  +---+---+---+---+---+---+---+---+
 6| h1| h1| \/|   | b2|   |+T3|   |
  +---+---+---+---+---+---+---+---+
 7|   |   |+S2|   |   | /\|   |   |
  +---+---+---+---+---+---+---+---+

End this turn (y,n)?
Please select a unit:
1.Attack 2.Skip 
Select your action:

    0   1   2   3   4   5   6   7 
  +---+---+---+---+---+---+---+---+
 0|   |   |   |   | T3|   | F1|   |
  +---+---+---+---+---+---+---+---+
 1| h1|   |   |   |   |   |   |   |
  +---+---+---+---+---+---+---+---+
 2| b2|   |   |   | ~~|   |   |   |
  +---+---+---+---+---+---+---+---+
 3|   |   |   | S2| ~~| ~~|   |   |
  +---+---+---+---+---+---+---+---+
 4| /\|   |   | ~~|   | ~~| T3|   |
  +---+---+---+---+---+---+---+---+
 5| h1|   |   | F2|   | b2|*/\| /\|
  +---+---+---+---+---+---+---+---+
 6| h1| h1| \/|   |*b2|*  | T3|*  |
  +---+---+---+---+---+---+---+---+
 7|   |   | S2|   |   | /\|*  |   |
  +---+---+---+---+---+---+---+---+

Please enter your target:

    0   1   2   3   4   5   6   7 
  +---+---+---+---+---+---+---+---+
 0|   |   |   |   | T3|   | F1|   |
  +---+---+---+---+---+---+---+---+
 1| h1|   |   |   |   |   |   |   |
  +---+---+---+---+---+---+---+---+
 2| b2|   |   |   | ~~|   |   |   |
  +---+---+---+---+---+---+---+---+
 3|   |   |   | S2| ~~| ~~|   |   |
  +---+---+---+---+---+---+---+---+
 4| /\|   |   | ~~|   | ~~| T3|   |
  +---+---+---+---+---+---+---+---+
 5| h1|   |   |+F2|   | b2| /\| /\|
  +---+---+---+---+---+---+---+---+
 6| h1| h1| \/| b1|   |   | T3|   |
  +---+---+---+---+---+---+---+---+
 7|   |   |+S2|   |   | /\|   |   |
  +---+---+---+---+---+---+---+---+

End this turn (y,n)?
Please select a unit:
1.Move 2.Attack 3.Skip 
Select your action:

    0   1   2   3   4   5   6   7 
  +---+---+---+---+---+---+---+---+
 0|   |   |   |   | T3|   | F1|   |
  +---+---+---+---+---+---+---+---+
 1| h1|   |   |   |   |   |   |   |
  +---+---+---+---+---+---+---+---+
 2| b2|   |   |   | ~~|   |   |   |
  +---+---+---+---+---+---+---+---+
 3|   |   |   | S2| ~~| ~~|   |   |
  +---+---+---+---+---+---+---+---+
 4| /\|   |.  | ~~|   | ~~| T3|   |
  +---+---+---+---+---+---+---+---+
 5| h1|.  |.  | F2|   | b2| /\| /\|
  +---+---+---+---+---+---+---+---+
 6| h1| h1|.\/| b1|.  |   | T3|   |
  +---+---+---+---+---+---+---+---+
 7|.  |.  |.S2|.  |.  | /\|   |   |
  +---+---+---+---+---+---+---+---+

Please enter your destination:

    0   1   2   3   4   5   6   7 
  +---+---+---+---+---+---+---+---+
 0|   |   |   |   | T3|   | F1|   |
  +---+---+---+---+---+---+---+---+
 1| h1|   |   |   |   |   |   |   |
  +---+---+---+---+---+---+---+---+
 2| b2|   |   |   | ~~|   |   |   |
  +---+---+---+---+---+---+---+---+
 3|   |   |   | S2| ~~| ~~|   |   |
  +---+---+---+---+---+---+---+---+
 4| /\|   |   | ~~|   | ~~| T3|   |
  +---+---+---+---+---+---+---+---+
 5| h1|   |   |+F2|   | b2| /\| /\|
  +---+---+---+---+---+---+---+---+
 6| h1| h1| \/| b1|   |   | T3|   |
  +---+---+---+---+---+---+---+---+
 7|   |   |   |+S2|   | /\|   |   |
  +---+---+---+---+---+---+---+---+

End this turn (y,n)?
Please select a unit:
1.Attack 2.Skip 
Select your action:

    0   1   2   3   4   5   6   7 
  +---+---+---+---+---+---+---+---+
 0|   |   |   |   | T3|   | F1|   |
  +---+---+---+---+---+---+---+---+
 1| h1|   |   |   |   |   |   |   |
  +---+---+---+---+---+---+---+---+
 2| b2|   |   |   | ~~|   |   |   |
  +---+---+---+---+---+---+---+---+
 3|   |   |   | S2| ~~| ~~|   |   |
  +---+---+---+---+---+---+---+---+
 4| /\|   |   | ~~|   | ~~| T3|   |
  +---+---+---+---+---+---+---+---+
 5| h1|   |   | F2|   | b2| /\| /\|
  +---+---+---+---+---+---+---+---+
 6| h1| h1| \/|*b1|   |   | T3|   |
  +---+---+---+---+---+---+---+---+
 7|   |   |*  | S2|*  | /\|   |   |
  +---+---+---+---+---+---+---+---+

Please enter your target:

    0   1   2   3   4   5   6   7 
  +---+---+---+---+---+---+---+---+
 0|   |   |   |   | T3|   | F1|   |
  +---+---+---+---+---+---+---+---+
 1| h1|   |   |   |   |   |   |   |
  +---+---+---+---+---+---+---+---+
 2| b2|   |   |   | ~~|   |   |   |
  +---+---+---+---+---+---+---+---+
 3|   |   |   | S2| ~~| ~~|   |   |
  +---+---+---+---+---+---+---+---+
 4| /\|   |   | ~~|   | ~~| T3|   |
  +---+---+---+---+---+---+---+---+
 5| h1|   |   |+F2|   | b2| /\| /\|
  +---+---+---+---+---+---+---+---+
 6| h1| h1| \/|   |   |   | T3|   |
  +---+---+---+---+---+---+---+---+
 7|   |   |   | S2|   | /\|   |   |
  +---+---+---+---+---+---+---+---+

End this turn (y,n)?
Please select a unit:
1.Move 2.Attack 3.Skip 
Select your action:

    0   1   2   3   4   5   6   7 
  +---+---+---+---+---+---+---+---+
 0|   |   |   |   | T3|   | F1|   |
  +---+---+---+---+---+---+---+---+
 1| h1|   |.  |   |.  |   |   |   |
  +---+---+---+---+---+---+---+---+
 2| b2|.  |.  |.  |.~~|.  |   |   |
  +---+---+---+---+---+---+---+---+
 3|.  |.  |.  | S2|.~~|.~~|.  |   |
  +---+---+---+---+---+---+---+---+
 4| /\|.  |.  |.~~|.  |.~~| T3|   |
  +---+---+---+---+---+---+---+---+
 5| h1|.  |.  |.F2|.  | b2| /\| /\|
  +---+---+---+---+---+---+---+---+
 6| h1| h1| \/|.  |.  |.  | T3|   |
  +---+---+---+---+---+---+---+---+
 7|   |   |   | S2|.  | /\|   |   |
  +---+---+---+---+---+---+---+---+

Please enter your destination:

    0   1   2   3   4   5   6   7 
  +---+---+---+---+---+---+---+---+
 0|   |   |   |   | T3|   | F1|   |
  +---+---+---+---+---+---+---+---+
 1| h1|   |   |   |   |   |   |   |
  +---+---+---+---+---+---+---+---+
 2| b2|   |   |   | ~~|   |   |   |
  +---+---+---+---+---+---+---+---+
 3|   |   |   | S2| ~~| ~~|   |   |
  +---+---+---+---+---+---+---+---+
 4| /\|   |   | ~~|   | ~~| T3|   |
  +---+---+---+---+---+---+---+---+
 5| h1|   |   |   |   | b2| /\| /\|
  +---+---+---+---+---+---+---+---+
 6| h1| h1| \/|+F2|   |   | T3|   |
  +---+---+---+---+---+---+---+---+
 7|   |   |   | S2|   | /\|   |   |
  +---+---+---+---+---+---+---+---+

End this turn (y,n)?
Please select a unit:
1.Attack 2.Skip 
Select your action:

    0   1   2   3   4   5   6   7 
  +---+---+---+---+---+---+---+---+
 0|   |   |   |   | T3|   | F1|   |
  +---+---+---+---+---+---+---+---+
 1| h1|   |   |   |   |   |   |   |
  +---+---+---+---+---+---+---+---+
 2| b2|   |   |   | ~~|   |   |   |
  +---+---+---+---+---+---+---+---+
 3|   |   |   | S2| ~~| ~~|   |   |
  +---+---+---+---+---+---+---+---+
 4| /\|   |   |*~~|   | ~~| T3|   |
  +---+---+---+---+---+---+---+---+
 5| h1|   |   |   |   | b2| /\| /\|
  +---+---+---+---+---+---+---+---+
 6| h1|*h1| \/| F2|   |*  | T3|   |
  +---+---+---+---+---+---+---+---+
 7|   |   |   | S2|   | /\|   |   |
  +---+---+---+---+---+---+---+---+

Please enter your target:
No more actable units.

    0   1   2   3   4   5   6   7 
  +---+---+---+---+---+---+---+---+
 0|   |   | h1|   | T3|   | F1|   |
  +---+---+---+---+---+---+---+---+
 1|   |   |   |   |   |   |   |   |
  +---+---+---+---+---+---+---+---+
 2|   |   |   | b2| ~~|   |   |   |
  +---+---+---+---+---+---+---+---+
 3|   |   |   |   | ~~| ~~| b2|   |
  +---+---+---+---+---+---+---+---+
 4| /\|   |   | ~~|   | ~~|   |   |
  +---+---+---+---+---+---+---+---+
 5|   |   |   | h2|   |   | /\| /\|
  +---+---+---+---+---+---+---+---+
 6|   |   | \/| h2|   |   | T3|   |
  +---+---+---+---+---+---+---+---+
 7|   |   |   |   |   | /\|   |   |
  +---+---+---+---+---+---+---+---+


    0   1   2   3   4   5   6   7 
  +---+---+---+---+---+---+---+---+
 0|   |   | h1|   |+T3|   |+F1|   |
  +---+---+---+---+---+---+---+---+
 1|   |   |   |   |   |   |   |   |
  +---+---+---+---+---+---+---+---+
 2|   |   |   | b2| ~~|   |   |   |
  +---+---+---+---+---+---+---+---+
 3|   |   |   |   | ~~| ~~| b2|   |
  +---+---+---+---+---+---+---+---+
 4| /\|   |   | ~~|   | ~~|   |   |
  +---+---+---+---+---+---+---+---+
 5|   |   |   | h2|   |   | /\| /\|
  +---+---+---+---+---+---+---+---+
 6|   |   | \/| h2|   |   |+T3|   |
  +---+---+---+---+---+---+---+---+
 7|   |   |   |   |   | /\|   |   |
  +---+---+---+---+---+---+---+---+

End this turn (y,n)?
Please select a unit:
1.Move 2.Attack 3.Skip 
Select your action:

    0   1   2   3   4   5   6   7 
  +---+---+---+---+---+---+---+---+
 0|   |   | h1|   | T3|   | F1|   |
  +---+---+---+---+---+---+---+---+
 1|   |   |   |   |   |   |   |   |
  +---+---+---+---+---+---+---+---+
 2|   |   |   | b2| ~~|   |   |   |
  +---+---+---+---+---+---+---+---+
 3|   |   |   |   | ~~| ~~| b2|   |
  +---+---+---+---+---+---+---+---+
 4| /\|   |   | ~~|   | ~~|   |   |
  +---+---+---+---+---+---+---+---+
 5|   |   |   | h2|   |   |*/\| /\|
  +---+---+---+---+---+---+---+---+
 6|   |   | \/|*h2|*  |*  | T3|*  |
  +---+---+---+---+---+---+---+---+
 7|   |   |   |   |   | /\|*  |   |
  +---+---+---+---+---+---+---+---+

Please enter your target:

    0   1   2   3   4   5   6   7 
  +---+---+---+---+---+---+---+---+
 0|   |   | h1|   |+T3|   |+F1|   |
  +---+---+---+---+---+---+---+---+
 1|   |   |   |   |   |   |   |   |
  +---+---+---+---+---+---+---+---+
 2|   |   |   | b2| ~~|   |   |   |
  +---+---+---+---+---+---+---+---+
 3|   |   |   |   | ~~| ~~| b2|   |
  +---+---+---+---+---+---+---+---+
 4| /\|   |   | ~~|   | ~~|   |   |
  +---+---+---+---+---+---+---+---+
 5|   |   |   | h2|   |   | /\| /\|
  +---+---+---+---+---+---+---+---+
 6|   |   | h1|   |   |   |+T3|   |
  +---+---+---+---+---+---+---+---+
 7|   |   |   |   |   | /\|   |   |
  +---+---+---+---+---+---+---+---+

End this turn (y,n)?
Please select a unit:
1.Move 2.Attack 3.Skip 
Select your action:

    0   1   2   3   4   5   6   7 
  +---+---+---+---+---+---+---+---+
 0|   |   | h1|   |*T3|   | F1|   |
  +---+---+---+---+---+---+---+---+
 1|   |   |   |   |   |   |   |   |
  +---+---+---+---+---+---+---+---+
 2|   |   |   | b2| ~~|   |*  |   |
  +---+---+---+---+---+---+---+---+
 3|   |   |   |   | ~~| ~~| b2|   |
  +---+---+---+---+---+---+---+---+
 4| /\|   |   | ~~|   | ~~|   |   |
  +---+---+---+---+---+---+---+---+
 5|   |   |   | h2|   |   | /\| /\|
  +---+---+---+---+---+---+---+---+
 6|   |   | h1|   |   |   | T3|   |
  +---+---+---+---+---+---+---+---+
 7|   |   |   |   |   | /\|   |   |
  +---+---+---+---+---+---+---+---+

Please enter your target:

    0   1   2   3   4   5   6   7 
  +---+---+---+---+---+---+---+---+
 0|   |   | h1|   |+T3|   |+F1|   |
  +---+---+---+---+---+---+---+---+
 1|   |   |   |   |   |   |   |   |
  +---+---+---+---+---+---+---+---+
 2|   |   |   | b2| ~~|   |   |   |
  +---+---+---+---+---+---+---+---+
 3|   |   |   |   | ~~| ~~|   |   |
  +---+---+---+---+---+---+---+---+
 4| /\|   |   | ~~|   | ~~| b2|   |
  +---+---+---+---+---+---+---+---+
 5|   |   |   | h2|   |   | /\| /\|
  +---+---+---+---+---+---+---+---+
 6|   |   | h1|   |   |   |+T3|   |
  +---+---+---+---+---+---+---+---+
 7|   |   |   |   |   | /\|   |   |
  +---+---+---+---+---+---+---+---+

End this turn (y,n)?
Please select a unit:
1.Move 2.Attack 3.Skip 
Select your action:

    0   1   2   3   4   5   6   7 
  +---+---+---+---+---+---+---+---+
 0|   |   |*h1|*  | T3|*  |*F1|   |
  +---+---+---+---+---+---+---+---+
 1|   |   |   |   |*  |   |   |   |
  +---+---+---+---+---+---+---+---+
 2|   |   |   | b2|*~~|   |   |   |
  +---+---+---+---+---+---+---+---+
 3|   |   |   |   | ~~| ~~|   |   |
  +---+---+---+---+---+---+---+---+
 4| /\|   |   | ~~|   | ~~| b2|   |
  +---+---+---+---+---+---+---+---+
 5|   |   |   | h2|   |   | /\| /\|
  +---+---+---+---+---+---+---+---+
 6|   |   | h1|   |   |   | T3|   |
  +---+---+---+---+---+---+---+---+
 7|   |   |   |   |   | /\|   |   |
  +---+---+---+---+---+---+---+---+

Please enter your target:

    0   1   2   3   4   5   6   7 
  +---+---+---+---+---+---+---+---+
 0|   |   |   |   |+T3|   |+F1|   |
  +---+---+---+---+---+---+---+---+
 1|   |   |   |   |   |   |   |   |
  +---+---+---+---+---+---+---+---+
 2|   |   |   | b2| ~~|   |   |   |
  +---+---+---+---+---+---+---+---+
 3|   |   |   |   | ~~| ~~|   |   |
  +---+---+---+---+---+---+---+---+
 4| /\|   |   | ~~|   | ~~| b2|   |
  +---+---+---+---+---+---+---+---+
 5|   |   |   | h2|   |   | /\| /\|
  +---+---+---+---+---+---+---+---+
 6|   |   | h1|   |   |   |+T3|   |
  +---+---+---+---+---+---+---+---+
 7|   |   |   |   |   | /\|   |   |
  +---+---+---+---+---+---+---+---+

End this turn (y,n)?

    0   1   2   3   4   5   6   7 
  +---+---+---+---+---+---+---+---+
 0|   |   |   | b2|   |   |   |   |
  +---+---+---+---+---+---+---+---+
 1|   |   |   |   |   |   | b2|   |
  +---+---+---+---+---+---+---+---+
 2|   |   |   |   | ~~|   |   |   |
  +---+---+---+---+---+---+---+---+
 3|   |   |   |   | ~~| ~~|   |   |
  +---+---+---+---+---+---+---+---+
 4| /\|   |   | ~~|   | ~~|   |   |
  +---+---+---+---+---+---+---+---+
 5|   |   |   |   |   |   | /\| /\|
  +---+---+---+---+---+---+---+---+
 6|   |   | \/|   | h2| h2|   | T1|
  +---+---+---+---+---+---+---+---+
 7|   |   |   |   |   | /\|   |   |
  +---+---+---+---+---+---+---+---+


    0   1   2   3   4   5   6   7 
  +---+---+---+---+---+---+---+---+
 0|   |   |   | b2|   |   |   |   |
  +---+---+---+---+---+---+---+---+
 1|   |   |   |   |   |   | b2|   |
  +---+---+---+---+---+---+---+---+
 2|   |   |   |   | ~~|   |   |   |
  +---+---+---+---+---+---+---+---+
 3|   |   |   |   | ~~| ~~|   |   |
  +---+---+---+---+---+---+---+---+
 4| /\|   |   | ~~|   | ~~|   |   |
  +---+---+---+---+---+---+---+---+
 5|   |   |   |   |   |   | /\| /\|
  +---+---+---+---+---+---+---+---+
 6|   |   | \/|   | h2| h2|   |+T1|
  +---+---+---+---+---+---+---+---+
 7|   |   |   |   |   | /\|   |   |
  +---+---+---+---+---+---+---+---+

End this turn (y,n)?
Please select a unit:
1.Move 2.Attack 3.Skip 
Select your action:

    0   1   2   3   4   5   6   7 
  +---+---+---+---+---+---+---+---+
 0|   |   |   | b2|   |   |   |   |
  +---+---+---+---+---+---+---+---+
 1|   |   |   |   |   |   | b2|   |
  +---+---+---+---+---+---+---+---+
 2|   |   |   |   | ~~|   |   |   |
  +---+---+---+---+---+---+---+---+
 3|   |   |   |   | ~~| ~~|   |   |
  +---+---+---+---+---+---+---+---+
 4| /\|   |   | ~~|   | ~~|   |   |
  +---+---+---+---+---+---+---+---+
 5|   |   |   |   |   |   | /\|*/\|
  +---+---+---+---+---+---+---+---+
 6|   |   | \/|   | h2|*h2|*  | T1|
  +---+---+---+---+---+---+---+---+
 7|   |   |   |   |   | /\|   |*  |
  +---+---+---+---+---+---+---+---+

Please enter your target:

    0   1   2   3   4   5   6   7 
  +---+---+---+---+---+---+---+---+
 0|   |   |   | b2|   |   |   |   |
  +---+---+---+---+---+---+---+---+
 1|   |   |   |   |   |   | b2|   |
  +---+---+---+---+---+---+---+---+
 2|   |   |   |   | ~~|   |   |   |
  +---+---+---+---+---+---+---+---+
 3|   |   |   |   | ~~| ~~|   |   |
  +---+---+---+---+---+---+---+---+
 4| /\|   |   | ~~|   | ~~|   |   |
  +---+---+---+---+---+---+---+---+
 5|   |   |   |   |   |   | /\| /\|
  +---+---+---+---+---+---+---+---+
 6|   |   | \/|   | h1|   |   |+T1|
  +---+---+---+---+---+---+---+---+
 7|   |   |   |   |   | /\|   |   |
  +---+---+---+---+---+---+---+---+

End this turn (y,n)?

    0   1   2   3   4   5   6   7 
  +---+---+---+---+---+---+---+---+
 0|   |   |   |   |   |   | b2|   |
  +---+---+---+---+---+---+---+---+
 1|   |   |   |   |   |   |   |   |
  +---+---+---+---+---+---+---+---+
 2|   |   |   |   | ~~|   |   |   |
  +---+---+---+---+---+---+---+---+
 3|   |   |   |   | ~~| ~~|   | b2|
  +---+---+---+---+---+---+---+---+
 4| /\|   |   | ~~|   | ~~|   |   |
  +---+---+---+---+---+---+---+---+
 5|   |   |   |   |   |   | /\| /\|
  +---+---+---+---+---+---+---+---+
 6|   |   | \/|   |   |   | h1|   |
  +---+---+---+---+---+---+---+---+
 7|   |   |   |   |   | /\|   |   |
  +---+---+---+---+---+---+---+---+

Failed
