
    0   1   2   3   4   5   6   7 
  +---+---+---+---+---+---+---+---+
 0| F2| T3|   |   |   |   |   |   |
  +---+---+---+---+---+---+---+---+
 1|   | /\| /\| /\| /\| /\| /\| /\|
  +---+---+---+---+---+---+---+---+
 2|   | /\| /\| /\| /\| /\| /\| /\|
  +---+---+---+---+---+---+---+---+
 3|   | /\| /\|   |   |   |   |   |
  +---+---+---+---+---+---+---+---+
 4|   | /\| /\|   |   |   |   |   |
  +---+---+---+---+---+---+---+---+
 5|   | /\| /\|   |   | b2| b2| b2|
  +---+---+---+---+---+---+---+---+
 6|   | /\| /\|   |   | b2| h1| h1|
  +---+---+---+---+---+---+---+---+
 7|   | /\| /\|   |   | b2| h1| h1|
  +---+---+---+---+---+---+---+---+


    0   1   2   3   4   5   6   7 
  +---+---+---+---+---+---+---+---+
 0|+F2|+T3|   |   |   |   |   |   |
  +---+---+---+---+---+---+---+---+
 1|   | /\| /\| /\| /\| /\| /\| /\|
  +---+---+---+---+---+---+---+---+
 2|   | /\| /\| /\| /\| /\| /\| /\|
  +---+---+---+---+---+---+---+---+
 3|   | /\| /\|   |   |   |   |   |
  +---+---+---+---+---+---+---+---+
 4|   | /\| /\|   |   |   |   |   |
  +---+---+---+---+---+---+---+---+
 5|   | /\| /\|   |   | b2| b2| b2|
  +---+---+---+---+---+---+---+---+
 6|   | /\| /\|   |   | b2| h1| h1|
  +---+---+---+---+---+---+---+---+
 7|   | /\| /\|   |   | b2| h1| h1|
  +---+---+---+---+---+---+---+---+

End this turn (y,n)?

    0   1   2   3   4   5   6   7 
  +---+---+---+---+---+---+---+---+
 0| F2| T3|   |   |   |   |   |   |
  +---+---+---+---+---+---+---+---+
 1|   | /\| /\| /\| /\| /\| /\| /\|
  +---+---+---+---+---+---+---+---+
 2|   | /\| /\| /\| /\| /\| /\| /\|
  +---+---+---+---+---+---+---+---+
 3|   | /\| /\|   | b2| b2| b2| h1|
  +---+---+---+---+---+---+---+---+
 4|   | /\| /\|   | b2| h1| h1| h1|
  +---+---+---+---+---+---+---+---+
 5|   | /\| /\|   | b2|   |   |   |
  +---+---+---+---+---+---+---+---+
 6|   | /\| /\|   |   |   |   |   |
  +---+---+---+---+---+---+---+---+
 7|   | /\| /\|   |   |   |   |   |
  +---+---+---+---+---+---+---+---+


    0   1   2   3   4   5   6   7 
  +---+---+---+---+---+---+---+---+
 0|+F2|+T3|   |   |   |   |   |   |
  +---+---+---+---+---+---+---+---+
 1|   | /\| /\| /\| /\| /\| /\| /\|
  +---+---+---+---+---+---+---+---+
 2|   | /\| /\| /\| /\| /\| /\| /\|
  +---+---+---+---+---+---+---+---+
 3|   | /\| /\|   | b2| b2| b2| h1|
  +---+---+---+---+---+---+---+---+
 4|   | /\| /\|   | b2| h1| h1| h1|
  +---+---+---+---+---+---+---+---+
 5|   | /\| /\|   | b2|   |   |   |
  +---+---+---+---+---+---+---+---+
 6|   | /\| /\|   |   |   |   |   |
  +---+---+---+---+---+---+---+---+
 7|   | /\| /\|   |   |   |   |   |
  +---+---+---+---+---+---+---+---+

End this turn (y,n)?
Please select a unit:
1.Move 2.Attack 3.Skip 
Select your action:

    0   1   2   3   4   5   6   7 
  +---+---+---+---+---+---+---+---+
 0| F2|.T3|.  |.  |   |   |   |   |
  +---+---+---+---+---+---+---+---+
 1|   | /\| /\| /\| /\| /\| /\| /\|
  +---+---+---+---+---+---+---+---+
 2|   | /\| /\| /\| /\| /\| /\| /\|
  +---+---+---+---+---+---+---+---+
 3|   | /\| /\|   | b2| b2| b2| h1|
  +---+---+---+---+---+---+---+---+
 4|   | /\| /\|   | b2| h1| h1| h1|
  +---+---+---+---+---+---+---+---+
 5|   | /\| /\|   | b2|   |   |   |
  +---+---+---+---+---+---+---+---+
 6|   | /\| /\|   |   |   |   |   |
  +---+---+---+---+---+---+---+---+
 7|   | /\| /\|   |   |   |   |   |
  +---+---+---+---+---+---+---+---+

Please enter your destination:
Not a valid destination
Please enter your destination:

    0   1   2   3   4   5   6   7 
  +---+---+---+---+---+---+---+---+
 0|+F2|   |   |+T3|   |   |   |   |
  +---+---+---+---+---+---+---+---+
 1|   | /\| /\| /\| /\| /\| /\| /\|
  +---+---+---+---+---+---+---+---+
 2|   | /\| /\| /\| /\| /\| /\| /\|
  +---+---+---+---+---+---+---+---+
 3|   | /\| /\|   | b2| b2| b2| h1|
  +---+---+---+---+---+---+---+---+
 4|   | /\| /\|   | b2| h1| h1| h1|
  +---+---+---+---+---+---+---+---+
 5|   | /\| /\|   | b2|   |   |   |
  +---+---+---+---+---+---+---+---+
 6|   | /\| /\|   |   |   |   |   |
  +---+---+---+---+---+---+---+---+
 7|   | /\| /\|   |   |   |   |   |
  +---+---+---+---+---+---+---+---+

End this turn (y,n)?

    0   1   2   3   4   5   6   7 
  +---+---+---+---+---+---+---+---+
 0| F2|   |   | T3|   |   |   |   |
  +---+---+---+---+---+---+---+---+
 1|   | /\| /\| /\| /\| /\| /\| /\|
  +---+---+---+---+---+---+---+---+
 2|   | /\| /\| /\| /\| /\| /\| /\|
  +---+---+---+---+---+---+---+---+
 3|   | /\| /\| b2| b2| b2| h1| h1|
  +---+---+---+---+---+---+---+---+
 4|   | /\| /\| b2| h1| h1|   |   |
  +---+---+---+---+---+---+---+---+
 5|   | /\| /\| b2|   |   |   |   |
  +---+---+---+---+---+---+---+---+
 6|   | /\| /\|   |   |   |   |   |
  +---+---+---+---+---+---+---+---+
 7|   | /\| /\|   |   |   |   |   |
  +---+---+---+---+---+---+---+---+


    0   1   2   3   4   5   6   7 
  +---+---+---+---+---+---+---+---+
 0|+F2|   |   |+T3|   |   |   |   |
  +---+---+---+---+---+---+---+---+
 1|   | /\| /\| /\| /\| /\| /\| /\|
  +---+---+---+---+---+---+---+---+
 2|   | /\| /\| /\| /\| /\| /\| /\|
  +---+---+---+---+---+---+---+---+
 3|   | /\| /\| b2| b2| b2| h1| h1|
  +---+---+---+---+---+---+---+---+
 4|   | /\| /\| b2| h1| h1|   |   |
  +---+---+---+---+---+---+---+---+
 5|   | /\| /\| b2|   |   |   |   |
  +---+---+---+---+---+---+---+---+
 6|   | /\| /\|   |   |   |   |   |
  +---+---+---+---+---+---+---+---+
 7|   | /\| /\|   |   |   |   |   |
  +---+---+---+---+---+---+---+---+

End this turn (y,n)?
Please select a unit:
1.Move 2.Attack 3.Skip 
Select your action:

    0   1   2   3   4   5   6   7 
  +---+---+---+---+---+---+---+---+
 0| F2|.  |.  |.T3|.  |.  |   |   |
  +---+---+---+---+---+---+---+---+
 1|   | /\| /\| /\| /\| /\| /\| /\|
  +---+---+---+---+---+---+---+---+
 2|   | /\| /\| /\| /\| /\| /\| /\|
  +---+---+---+---+---+---+---+---+
 3|   | /\| /\| b2| b2| b2| h1| h1|
  +---+---+---+---+---+---+---+---+
 4|   | /\| /\| b2| h1| h1|   |   |
  +---+---+---+---+---+---+---+---+
 5|   | /\| /\| b2|   |   |   |   |
  +---+---+---+---+---+---+---+---+
 6|   | /\| /\|   |   |   |   |   |
  +---+---+---+---+---+---+---+---+
 7|   | /\| /\|   |   |   |   |   |
  +---+---+---+---+---+---+---+---+

Please enter your destination:

    0   1   2   3   4   5   6   7 
  +---+---+---+---+---+---+---+---+
 0|+F2|   |   |   |+T3|   |   |   |
  +---+---+---+---+---+---+---+---+
 1|   | /\| /\| /\| /\| /\| /\| /\|
  +---+---+---+---+---+---+---+---+
 2|   | /\| /\| /\| /\| /\| /\| /\|
  +---+---+---+---+---+---+---+---+
 3|   | /\| /\| b2| b2| b2| h1| h1|
  +---+---+---+---+---+---+---+---+
 4|   | /\| /\| b2| h1| h1|   |   |
  +---+---+---+---+---+---+---+---+
 5|   | /\| /\| b2|   |   |   |   |
  +---+---+---+---+---+---+---+---+
 6|   | /\| /\|   |   |   |   |   |
  +---+---+---+---+---+---+---+---+
 7|   | /\| /\|   |   |   |   |   |
  +---+---+---+---+---+---+---+---+

End this turn (y,n)?
Please select a unit:
1.Attack 2.Skip 
Select your action:

    0   1   2   3   4   5   6   7 
  +---+---+---+---+---+---+---+---+
 0|*F2|*  |*  |*  | T3|*  |*  |*  |
  +---+---+---+---+---+---+---+---+
 1|   | /\| /\| /\|*/\| /\| /\| /\|
  +---+---+---+---+---+---+---+---+
 2|   | /\| /\| /\| /\| /\| /\| /\|
  +---+---+---+---+---+---+---+---+
 3|   | /\| /\| b2| b2| b2| h1| h1|
  +---+---+---+---+---+---+---+---+
 4|   | /\| /\| b2| h1| h1|   |   |
  +---+---+---+---+---+---+---+---+
 5|   | /\| /\| b2|   |   |   |   |
  +---+---+---+---+---+---+---+---+
 6|   | /\| /\|   |   |   |   |   |
  +---+---+---+---+---+---+---+---+
 7|   | /\| /\|   |   |   |   |   |
  +---+---+---+---+---+---+---+---+

Please enter your target:

    0   1   2   3   4   5   6   7 
  +---+---+---+---+---+---+---+---+
 0|+F2|   |   |   | T3|   |   |   |
  +---+---+---+---+---+---+---+---+
 1|   | /\| /\| /\|   | /\| /\| /\|
  +---+---+---+---+---+---+---+---+
 2|   | /\| /\| /\| /\| /\| /\| /\|
  +---+---+---+---+---+---+---+---+
 3|   | /\| /\| b2| b2| b2| h1| h1|
  +---+---+---+---+---+---+---+---+
 4|   | /\| /\| b2| h1| h1|   |   |
  +---+---+---+---+---+---+---+---+
 5|   | /\| /\| b2|   |   |   |   |
  +---+---+---+---+---+---+---+---+
 6|   | /\| /\|   |   |   |   |   |
  +---+---+---+---+---+---+---+---+
 7|   | /\| /\|   |   |   |   |   |
  +---+---+---+---+---+---+---+---+

End this turn (y,n)?

    0   1   2   3   4   5   6   7 
  +---+---+---+---+---+---+---+---+
 0| F2|   |   |   | T3|   |   |   |
  +---+---+---+---+---+---+---+---+
 1|   | /\| /\| /\|   | /\| /\| /\|
  +---+---+---+---+---+---+---+---+
 2|   | /\| /\| /\| /\| /\| /\| /\|
  +---+---+---+---+---+---+---+---+
 3|   | /\| /\| b2| b2| b2| h1| h1|
  +---+---+---+---+---+---+---+---+
 4|   | /\| /\| b2| h1| h1|   |   |
  +---+---+---+---+---+---+---+---+
 5|   | /\| /\|   | b2|   |   |   |
  +---+---+---+---+---+---+---+---+
 6|   | /\| /\|   |   |   |   |   |
  +---+---+---+---+---+---+---+---+
 7|   | /\| /\|   |   |   |   |   |
  +---+---+---+---+---+---+---+---+


    0   1   2   3   4   5   6   7 
  +---+---+---+---+---+---+---+---+
 0|+F2|   |   |   |+T3|   |   |   |
  +---+---+---+---+---+---+---+---+
 1|   | /\| /\| /\|   | /\| /\| /\|
  +---+---+---+---+---+---+---+---+
 2|   | /\| /\| /\| /\| /\| /\| /\|
  +---+---+---+---+---+---+---+---+
 3|   | /\| /\| b2| b2| b2| h1| h1|
  +---+---+---+---+---+---+---+---+
 4|   | /\| /\| b2| h1| h1|   |   |
  +---+---+---+---+---+---+---+---+
 5|   | /\| /\|   | b2|   |   |   |
  +---+---+---+---+---+---+---+---+
 6|   | /\| /\|   |   |   |   |   |
  +---+---+---+---+---+---+---+---+
 7|   | /\| /\|   |   |   |   |   |
  +---+---+---+---+---+---+---+---+

End this turn (y,n)?
Please select a unit:
1.Move 2.Attack 3.Skip 
Select your action:

    0   1   2   3   4   5   6   7 
  +---+---+---+---+---+---+---+---+
 0| F2|   |.  |.  |.T3|.  |.  |   |
  +---+---+---+---+---+---+---+---+
 1|   | /\| /\| /\|.  | /\| /\| /\|
  +---+---+---+---+---+---+---+---+
 2|   | /\| /\| /\| /\| /\| /\| /\|
  +---+---+---+---+---+---+---+---+
 3|   | /\| /\| b2| b2| b2| h1| h1|
  +---+---+---+---+---+---+---+---+
 4|   | /\| /\| b2| h1| h1|   |   |
  +---+---+---+---+---+---+---+---+
 5|   | /\| /\|   | b2|   |   |   |
  +---+---+---+---+---+---+---+---+
 6|   | /\| /\|   |   |   |   |   |
  +---+---+---+---+---+---+---+---+
 7|   | /\| /\|   |   |   |   |   |
  +---+---+---+---+---+---+---+---+

Please enter your destination:

    0   1   2   3   4   5   6   7 
  +---+---+---+---+---+---+---+---+
 0|+F2|   |   |   |   |   |+T3|   |
  +---+---+---+---+---+---+---+---+
 1|   | /\| /\| /\|   | /\| /\| /\|
  +---+---+---+---+---+---+---+---+
 2|   | /\| /\| /\| /\| /\| /\| /\|
  +---+---+---+---+---+---+---+---+
 3|   | /\| /\| b2| b2| b2| h1| h1|
  +---+---+---+---+---+---+---+---+
 4|   | /\| /\| b2| h1| h1|   |   |
  +---+---+---+---+---+---+---+---+
 5|   | /\| /\|   | b2|   |   |   |
  +---+---+---+---+---+---+---+---+
 6|   | /\| /\|   |   |   |   |   |
  +---+---+---+---+---+---+---+---+
 7|   | /\| /\|   |   |   |   |   |
  +---+---+---+---+---+---+---+---+

End this turn (y,n)?
Please select a unit:
1.Move 2.Attack 3.Skip 
Select your action:

    0   1   2   3   4   5   6   7 
  +---+---+---+---+---+---+---+---+
 0|.F2|.  |.  |.  |.  |.  | T3|   |
  +---+---+---+---+---+---+---+---+
 1|.  | /\| /\| /\|.  | /\| /\| /\|
  +---+---+---+---+---+---+---+---+
 2|.  | /\| /\| /\| /\| /\| /\| /\|
  +---+---+---+---+---+---+---+---+
 3|.  | /\| /\| b2| b2| b2| h1| h1|
  +---+---+---+---+---+---+---+---+
 4|.  | /\| /\| b2| h1| h1|   |   |
  +---+---+---+---+---+---+---+---+
 5|.  | /\| /\|   | b2|   |   |   |
  +---+---+---+---+---+---+---+---+
 6|   | /\| /\|   |   |   |   |   |
  +---+---+---+---+---+---+---+---+
 7|   | /\| /\|   |   |   |   |   |
  +---+---+---+---+---+---+---+---+

Please enter your destination:

    0   1   2   3   4   5   6   7 
  +---+---+---+---+---+---+---+---+
 0|   |   |   |   |   |   |+T3|   |
  +---+---+---+---+---+---+---+---+
 1|   | /\| /\| /\|+F2| /\| /\| /\|
  +---+---+---+---+---+---+---+---+
 2|   | /\| /\| /\| /\| /\| /\| /\|
  +---+---+---+---+---+---+---+---+
 3|   | /\| /\| b2| b2| b2| h1| h1|
  +---+---+---+---+---+---+---+---+
 4|   | /\| /\| b2| h1| h1|   |   |
  +---+---+---+---+---+---+---+---+
 5|   | /\| /\|   | b2|   |   |   |
  +---+---+---+---+---+---+---+---+
 6|   | /\| /\|   |   |   |   |   |
  +---+---+---+---+---+---+---+---+
 7|   | /\| /\|   |   |   |   |   |
  +---+---+---+---+---+---+---+---+

End this turn (y,n)?
Please select a unit:
1.Attack 2.Skip 
Select your action:

    0   1   2   3   4   5   6   7 
  +---+---+---+---+---+---+---+---+
 0|   |   |   |   |   |   | T3|   |
  +---+---+---+---+---+---+---+---+
 1|   | /\|*/\| /\| F2| /\|*/\| /\|
  +---+---+---+---+---+---+---+---+
 2|   | /\| /\| /\| /\| /\| /\| /\|
  +---+---+---+---+---+---+---+---+
 3|   | /\| /\| b2|*b2| b2| h1| h1|
  +---+---+---+---+---+---+---+---+
 4|   | /\| /\| b2| h1| h1|   |   |
  +---+---+---+---+---+---+---+---+
 5|   | /\| /\|   | b2|   |   |   |
  +---+---+---+---+---+---+---+---+
 6|   | /\| /\|   |   |   |   |   |
  +---+---+---+---+---+---+---+---+
 7|   | /\| /\|   |   |   |   |   |
  +---+---+---+---+---+---+---+---+

Please enter your target:

    0   1   2   3   4   5   6   7 
  +---+---+---+---+---+---+---+---+
 0|   |   |   |   |   |   |+T3|   |
  +---+---+---+---+---+---+---+---+
 1|   | /\| /\| /\| F2| /\| /\| /\|
  +---+---+---+---+---+---+---+---+
 2|   | /\| /\| /\| /\| /\| /\| /\|
  +---+---+---+---+---+---+---+---+
 3|   | /\|   | b1|   | b1|   | h1|
  +---+---+---+---+---+---+---+---+
 4|   | /\| /\| b2|   | h1|   |   |
  +---+---+---+---+---+---+---+---+
 5|   | /\| /\|   | b1|   |   |   |
  +---+---+---+---+---+---+---+---+
 6|   | /\| /\|   |   |   |   |   |
  +---+---+---+---+---+---+---+---+
 7|   | /\| /\|   |   |   |   |   |
  +---+---+---+---+---+---+---+---+

End this turn (y,n)?

    0   1   2   3   4   5   6   7 
  +---+---+---+---+---+---+---+---+
 0|   |   |   |   |   |   | T3|   |
  +---+---+---+---+---+---+---+---+
 1|   | /\| /\| /\| F2| /\| /\| /\|
  +---+---+---+---+---+---+---+---+
 2|   | /\| /\| /\| /\| /\| /\| /\|
  +---+---+---+---+---+---+---+---+
 3|   | /\|   | b2| b1| b1| h1|   |
  +---+---+---+---+---+---+---+---+
 4|   | /\| /\| b1| h1|   |   |   |
  +---+---+---+---+---+---+---+---+
 5|   | /\| /\|   |   |   |   |   |
  +---+---+---+---+---+---+---+---+
 6|   | /\| /\|   |   |   |   |   |
  +---+---+---+---+---+---+---+---+
 7|   | /\| /\|   |   |   |   |   |
  +---+---+---+---+---+---+---+---+


    0   1   2   3   4   5   6   7 
  +---+---+---+---+---+---+---+---+
 0|   |   |   |   |   |   |+T3|   |
  +---+---+---+---+---+---+---+---+
 1|   | /\| /\| /\|+F2| /\| /\| /\|
  +---+---+---+---+---+---+---+---+
 2|   | /\| /\| /\| /\| /\| /\| /\|
  +---+---+---+---+---+---+---+---+
 3|   | /\|   | b2| b1| b1| h1|   |
  +---+---+---+---+---+---+---+---+
 4|   | /\| /\| b1| h1|   |   |   |
  +---+---+---+---+---+---+---+---+
 5|   | /\| /\|   |   |   |   |   |
  +---+---+---+---+---+---+---+---+
 6|   | /\| /\|   |   |   |   |   |
  +---+---+---+---+---+---+---+---+
 7|   | /\| /\|   |   |   |   |   |
  +---+---+---+---+---+---+---+---+

End this turn (y,n)?
Please select a unit:
1.Move 2.Attack 3.Skip 
Select your action:

    0   1   2   3   4   5   6   7 
  +---+---+---+---+---+---+---+---+
 0|.  |.  |.  |.  |.  |.  | T3|   |
  +---+---+---+---+---+---+---+---+
 1|   | /\| /\| /\|.F2| /\| /\| /\|
  +---+---+---+---+---+---+---+---+
 2|   | /\| /\| /\| /\| /\| /\| /\|
  +---+---+---+---+---+---+---+---+
 3|   | /\|   | b2| b1| b1| h1|   |
  +---+---+---+---+---+---+---+---+
 4|   | /\| /\| b1| h1|   |   |   |
  +---+---+---+---+---+---+---+---+
 5|   | /\| /\|   |   |   |   |   |
  +---+---+---+---+---+---+---+---+
 6|   | /\| /\|   |   |   |   |   |
  +---+---+---+---+---+---+---+---+
 7|   | /\| /\|   |   |   |   |   |
  +---+---+---+---+---+---+---+---+

Please enter your destination:

    0   1   2   3   4   5   6   7 
  +---+---+---+---+---+---+---+---+
 0|   |   |   |   |+F2|   |+T3|   |
  +---+---+---+---+---+---+---+---+
 1|   | /\| /\| /\|   | /\| /\| /\|
  +---+---+---+---+---+---+---+---+
 2|   | /\| /\| /\| /\| /\| /\| /\|
  +---+---+---+---+---+---+---+---+
 3|   | /\|   | b2| b1| b1| h1|   |
  +---+---+---+---+---+---+---+---+
 4|   | /\| /\| b1| h1|   |   |   |
  +---+---+---+---+---+---+---+---+
 5|   | /\| /\|   |   |   |   |   |
  +---+---+---+---+---+---+---+---+
 6|   | /\| /\|   |   |   |   |   |
  +---+---+---+---+---+---+---+---+
 7|   | /\| /\|   |   |   |   |   |
  +---+---+---+---+---+---+---+---+

End this turn (y,n)?
Please select a unit:
1.Attack 2.Skip 
Select your action:

    0   1   2   3   4   5   6   7 
  +---+---+---+---+---+---+---+---+
 0|   |   |*  |   | F2|   |*T3|   |
  +---+---+---+---+---+---+---+---+
 1|   | /\| /\| /\|   | /\| /\| /\|
  +---+---+---+---+---+---+---+---+
 2|   | /\| /\| /\|*/\| /\| /\| /\|
  +---+---+---+---+---+---+---+---+
 3|   | /\|   | b2| b1| b1| h1|   |
  +---+---+---+---+---+---+---+---+
 4|   | /\| /\| b1| h1|   |   |   |
  +---+---+---+---+---+---+---+---+
 5|   | /\| /\|   |   |   |   |   |
  +---+---+---+---+---+---+---+---+
 6|   | /\| /\|   |   |   |   |   |
  +---+---+---+---+---+---+---+---+
 7|   | /\| /\|   |   |   |   |   |
  +---+---+---+---+---+---+---+---+

Please enter your target:

    0   1   2   3   4   5   6   7 
  +---+---+---+---+---+---+---+---+
 0|   |   |   |   | F2|   |+T3|   |
  +---+---+---+---+---+---+---+---+
 1|   | /\| /\| /\|   | /\| /\| /\|
  +---+---+---+---+---+---+---+---+
 2|   | /\| /\| /\| /\| /\| /\| /\|
  +---+---+---+---+---+---+---+---+
 3|   | /\|   | b2|   | b1| h1|   |
  +---+---+---+---+---+---+---+---+
 4|   | /\| /\| b1|   |   |   |   |
  +---+---+---+---+---+---+---+---+
 5|   | /\| /\|   |   |   |   |   |
  +---+---+---+---+---+---+---+---+
 6|   | /\| /\|   |   |   |   |   |
  +---+---+---+---+---+---+---+---+
 7|   | /\| /\|   |   |   |   |   |
  +---+---+---+---+---+---+---+---+

End this turn (y,n)?

    0   1   2   3   4   5   6   7 
  +---+---+---+---+---+---+---+---+
 0|   |   |   |   | F2|   | T3|   |
  +---+---+---+---+---+---+---+---+
 1|   | /\| /\| /\|   | /\| /\| /\|
  +---+---+---+---+---+---+---+---+
 2|   | /\| /\| /\| /\| /\| /\| /\|
  +---+---+---+---+---+---+---+---+
 3|   | /\|   | b1| b2| b1| h1|   |
  +---+---+---+---+---+---+---+---+
 4|   | /\| /\|   |   |   |   |   |
  +---+---+---+---+---+---+---+---+
 5|   | /\| /\|   |   |   |   |   |
  +---+---+---+---+---+---+---+---+
 6|   | /\| /\|   |   |   |   |   |
  +---+---+---+---+---+---+---+---+
 7|   | /\| /\|   |   |   |   |   |
  +---+---+---+---+---+---+---+---+


    0   1   2   3   4   5   6   7 
  +---+---+---+---+---+---+---+---+
 0|   |   |   |   |+F2|   |+T3|   |
  +---+---+---+---+---+---+---+---+
 1|   | /\| /\| /\|   | /\| /\| /\|
  +---+---+---+---+---+---+---+---+
 2|   | /\| /\| /\| /\| /\| /\| /\|
  +---+---+---+---+---+---+---+---+
 3|   | /\|   | b1| b2| b1| h1|   |
  +---+---+---+---+---+---+---+---+
 4|   | /\| /\|   |   |   |   |   |
  +---+---+---+---+---+---+---+---+
 5|   | /\| /\|   |   |   |   |   |
  +---+---+---+---+---+---+---+---+
 6|   | /\| /\|   |   |   |   |   |
  +---+---+---+---+---+---+---+---+
 7|   | /\| /\|   |   |   |   |   |
  +---+---+---+---+---+---+---+---+

End this turn (y,n)?
Please select a unit:
1.Move 2.Attack 3.Skip 
Select your action:

    0   1   2   3   4   5   6   7 
  +---+---+---+---+---+---+---+---+
 0|.  |.  |.  |.  |.F2|.  | T3|   |
  +---+---+---+---+---+---+---+---+
 1|.  | /\| /\| /\|.  | /\| /\| /\|
  +---+---+---+---+---+---+---+---+
 2|   | /\| /\| /\| /\| /\| /\| /\|
  +---+---+---+---+---+---+---+---+
 3|   | /\|   | b1| b2| b1| h1|   |
  +---+---+---+---+---+---+---+---+
 4|   | /\| /\|   |   |   |   |   |
  +---+---+---+---+---+---+---+---+
 5|   | /\| /\|   |   |   |   |   |
  +---+---+---+---+---+---+---+---+
 6|   | /\| /\|   |   |   |   |   |
  +---+---+---+---+---+---+---+---+
 7|   | /\| /\|   |   |   |   |   |
  +---+---+---+---+---+---+---+---+

Please enter your destination:

    0   1   2   3   4   5   6   7 
  +---+---+---+---+---+---+---+---+
 0|   |   |   |   |   |   |+T3|   |
  +---+---+---+---+---+---+---+---+
 1|+F2| /\| /\| /\|   | /\| /\| /\|
  +---+---+---+---+---+---+---+---+
 2|   | /\| /\| /\| /\| /\| /\| /\|
  +---+---+---+---+---+---+---+---+
 3|   | /\|   | b1| b2| b1| h1|   |
  +---+---+---+---+---+---+---+---+
 4|   | /\| /\|   |   |   |   |   |
  +---+---+---+---+---+---+---+---+
 5|   | /\| /\|   |   |   |   |   |
  +---+---+---+---+---+---+---+---+
 6|   | /\| /\|   |   |   |   |   |
  +---+---+---+---+---+---+---+---+
 7|   | /\| /\|   |   |   |   |   |
  +---+---+---+---+---+---+---+---+

End this turn (y,n)?

    0   1   2   3   4   5   6   7 
  +---+---+---+---+---+---+---+---+
 0|   |   |   |   |   |   | T3|   |
  +---+---+---+---+---+---+---+---+
 1| F2| /\| /\| /\|   | /\| /\| /\|
  +---+---+---+---+---+---+---+---+
 2|   | /\| /\| /\| /\| /\| /\| /\|
  +---+---+---+---+---+---+---+---+
 3|   | /\| b1|   |   | b1| h1|   |
  +---+---+---+---+---+---+---+---+
 4|   | /\| /\|   |   |   | b2|   |
  +---+---+---+---+---+---+---+---+
 5|   | /\| /\|   |   |   |   |   |
  +---+---+---+---+---+---+---+---+
 6|   | /\| /\|   |   |   |   |   |
  +---+---+---+---+---+---+---+---+
 7|   | /\| /\|   |   |   |   |   |
  +---+---+---+---+---+---+---+---+


    0   1   2   3   4   5   6   7 
  +---+---+---+---+---+---+---+---+
 0|   |   |   |   |   |   |+T3|   |
  +---+---+---+---+---+---+---+---+
 1|+F2| /\| /\| /\|   | /\| /\| /\|
  +---+---+---+---+---+---+---+---+
 2|   | /\| /\| /\| /\| /\| /\| /\|
  +---+---+---+---+---+---+---+---+
 3|   | /\| b1|   |   | b1| h1|   |
  +---+---+---+---+---+---+---+---+
 4|   | /\| /\|   |   |   | b2|   |
  +---+---+---+---+---+---+---+---+
 5|   | /\| /\|   |   |   |   |   |
  +---+---+---+---+---+---+---+---+
 6|   | /\| /\|   |   |   |   |   |
  +---+---+---+---+---+---+---+---+
 7|   | /\| /\|   |   |   |   |   |
  +---+---+---+---+---+---+---+---+

End this turn (y,n)?
Please select a unit:
1.Move 2.Attack 3.Skip 
Select your action:

    0   1   2   3   4   5   6   7 
  +---+---+---+---+---+---+---+---+
 0|.  |.  |.  |.  |.  |   | T3|   |
  +---+---+---+---+---+---+---+---+
 1|.F2| /\| /\| /\|   | /\| /\| /\|
  +---+---+---+---+---+---+---+---+
 2|.  | /\| /\| /\| /\| /\| /\| /\|
  +---+---+---+---+---+---+---+---+
 3|.  | /\| b1|   |   | b1| h1|   |
  +---+---+---+---+---+---+---+---+
 4|.  | /\| /\|   |   |   | b2|   |
  +---+---+---+---+---+---+---+---+
 5|.  | /\| /\|   |   |   |   |   |
  +---+---+---+---+---+---+---+---+
 6|.  | /\| /\|   |   |   |   |   |
  +---+---+---+---+---+---+---+---+
 7|   | /\| /\|   |   |   |   |   |
  +---+---+---+---+---+---+---+---+

Please enter your destination:

    0   1   2   3   4   5   6   7 
  +---+---+---+---+---+---+---+---+
 0|   |   |   |   |   |   |+T3|   |
  +---+---+---+---+---+---+---+---+
 1|   | /\| /\| /\|   | /\| /\| /\|
  +---+---+---+---+---+---+---+---+
 2|   | /\| /\| /\| /\| /\| /\| /\|
  +---+---+---+---+---+---+---+---+
 3|+F2| /\| b1|   |   | b1| h1|   |
  +---+---+---+---+---+---+---+---+
 4|   | /\| /\|   |   |   | b2|   |
  +---+---+---+---+---+---+---+---+
 5|   | /\| /\|   |   |   |   |   |
  +---+---+---+---+---+---+---+---+
 6|   | /\| /\|   |   |   |   |   |
  +---+---+---+---+---+---+---+---+
 7|   | /\| /\|   |   |   |   |   |
  +---+---+---+---+---+---+---+---+

End this turn (y,n)?
Please select a unit:
1.Move 2.Attack 3.Skip 
Select your action:

    0   1   2   3   4   5   6   7 
  +---+---+---+---+---+---+---+---+
 0|   |   |   |   |.  |.  |.T3|.  |
  +---+---+---+---+---+---+---+---+
 1|   | /\| /\| /\|   | /\| /\| /\|
  +---+---+---+---+---+---+---+---+
 2|   | /\| /\| /\| /\| /\| /\| /\|
  +---+---+---+---+---+---+---+---+
 3| F2| /\| b1|   |   | b1| h1|   |
  +---+---+---+---+---+---+---+---+
 4|   | /\| /\|   |   |   | b2|   |
  +---+---+---+---+---+---+---+---+
 5|   | /\| /\|   |   |   |   |   |
  +---+---+---+---+---+---+---+---+
 6|   | /\| /\|   |   |   |   |   |
  +---+---+---+---+---+---+---+---+
 7|   | /\| /\|   |   |   |   |   |
  +---+---+---+---+---+---+---+---+

Please enter your destination:

    0   1   2   3   4   5   6   7 
  +---+---+---+---+---+---+---+---+
 0|   |   |   |   |+T3|   |   |   |
  +---+---+---+---+---+---+---+---+
 1|   | /\| /\| /\|   | /\| /\| /\|
  +---+---+---+---+---+---+---+---+
 2|   | /\| /\| /\| /\| /\| /\| /\|
  +---+---+---+---+---+---+---+---+
 3|+F2| /\| b1|   |   | b1| h1|   |
  +---+---+---+---+---+---+---+---+
 4|   | /\| /\|   |   |   | b2|   |
  +---+---+---+---+---+---+---+---+
 5|   | /\| /\|   |   |   |   |   |
  +---+---+---+---+---+---+---+---+
 6|   | /\| /\|   |   |   |   |   |
  +---+---+---+---+---+---+---+---+
 7|   | /\| /\|   |   |   |   |   |
  +---+---+---+---+---+---+---+---+

End this turn (y,n)?
Please select a unit:
1.Attack 2.Skip 
Select your action:

    0   1   2   3   4   5   6   7 
  +---+---+---+---+---+---+---+---+
 0|   |   |   |   | T3|   |   |   |
  +---+---+---+---+---+---+---+---+
 1|*  | /\| /\| /\|   | /\| /\| /\|
  +---+---+---+---+---+---+---+---+
 2|   | /\| /\| /\| /\| /\| /\| /\|
  +---+---+---+---+---+---+---+---+
 3| F2| /\|*b1|   |   | b1| h1|   |
  +---+---+---+---+---+---+---+---+
 4|   | /\| /\|   |   |   | b2|   |
  +---+---+---+---+---+---+---+---+
 5|*  | /\| /\|   |   |   |   |   |
  +---+---+---+---+---+---+---+---+
 6|   | /\| /\|   |   |   |   |   |
  +---+---+---+---+---+---+---+---+
 7|   | /\| /\|   |   |   |   |   |
  +---+---+---+---+---+---+---+---+

Please enter your target:

    0   1   2   3   4   5   6   7 
  +---+---+---+---+---+---+---+---+
 0|   |   |   |   |+T3|   |   |   |
  +---+---+---+---+---+---+---+---+
 1|   | /\| /\| /\|   | /\| /\| /\|
  +---+---+---+---+---+---+---+---+
 2|   | /\| /\| /\| /\| /\| /\| /\|
  +---+---+---+---+---+---+---+---+
 3| F2| /\|   |   |   | b1| h1|   |
  +---+---+---+---+---+---+---+---+
 4|   | /\| /\|   |   |   | b2|   |
  +---+---+---+---+---+---+---+---+
 5|   | /\| /\|   |   |   |   |   |
  +---+---+---+---+---+---+---+---+
 6|   | /\| /\|   |   |   |   |   |
  +---+---+---+---+---+---+---+---+
 7|   | /\| /\|   |   |   |   |   |
  +---+---+---+---+---+---+---+---+

End this turn (y,n)?
Please select a unit:
1.Attack 2.Skip 
Select your action:

    0   1   2   3   4   5   6   7 
  +---+---+---+---+---+---+---+---+
 0|*  |*  |*  |*  | T3|*  |*  |*  |
  +---+---+---+---+---+---+---+---+
 1|   | /\| /\| /\|*  | /\| /\| /\|
  +---+---+---+---+---+---+---+---+
 2|   | /\| /\| /\|*/\| /\| /\| /\|
  +---+---+---+---+---+---+---+---+
 3| F2| /\|   |   |   | b1| h1|   |
  +---+---+---+---+---+---+---+---+
 4|   | /\| /\|   |   |   | b2|   |
  +---+---+---+---+---+---+---+---+
 5|   | /\| /\|   |   |   |   |   |
  +---+---+---+---+---+---+---+---+
 6|   | /\| /\|   |   |   |   |   |
  +---+---+---+---+---+---+---+---+
 7|   | /\| /\|   |   |   |   |   |
  +---+---+---+---+---+---+---+---+

Please enter your target:
No more actable units.

    0   1   2   3   4   5   6   7 
  +---+---+---+---+---+---+---+---+
 0|   |   |   |   |   |   |   |   |
  +---+---+---+---+---+---+---+---+
 1|   | /\| /\| /\| b1| /\| /\| /\|
  +---+---+---+---+---+---+---+---+
 2|   | /\| /\| /\|   | /\| /\| /\|
  +---+---+---+---+---+---+---+---+
 3| F2| /\|   | h1| b2|   |   |   |
  +---+---+---+---+---+---+---+---+
 4|   | /\| /\|   |   |   |   |   |
  +---+---+---+---+---+---+---+---+
 5|   | /\| /\|   |   |   |   |   |
  +---+---+---+---+---+---+---+---+
 6|   | /\| /\|   |   |   |   |   |
  +---+---+---+---+---+---+---+---+
 7|   | /\| /\|   |   |   |   |   |
  +---+---+---+---+---+---+---+---+


    0   1   2   3   4   5   6   7 
  +---+---+---+---+---+---+---+---+
 0|   |   |   |   |   |   |   |   |
  +---+---+---+---+---+---+---+---+
 1|   | /\| /\| /\| b1| /\| /\| /\|
  +---+---+---+---+---+---+---+---+
 2|   | /\| /\| /\|   | /\| /\| /\|
  +---+---+---+---+---+---+---+---+
 3|+F2| /\|   | h1| b2|   |   |   |
  +---+---+---+---+---+---+---+---+
 4|   | /\| /\|   |   |   |   |   |
  +---+---+---+---+---+---+---+---+
 5|   | /\| /\|   |   |   |   |   |
  +---+---+---+---+---+---+---+---+
 6|   | /\| /\|   |   |   |   |   |
  +---+---+---+---+---+---+---+---+
 7|   | /\| /\|   |   |   |   |   |
  +---+---+---+---+---+---+---+---+

End this turn (y,n)?
Please select a unit:
1.Move 2.Attack 3.Skip 
Select your action:

    0   1   2   3   4   5   6   7 
  +---+---+---+---+---+---+---+---+
 0|   |   |   |   |   |   |   |   |
  +---+---+---+---+---+---+---+---+
 1|*  | /\| /\| /\| b1| /\| /\| /\|
  +---+---+---+---+---+---+---+---+
 2|   | /\| /\| /\|   | /\| /\| /\|
  +---+---+---+---+---+---+---+---+
 3| F2| /\|*  | h1| b2|   |   |   |
  +---+---+---+---+---+---+---+---+
 4|   | /\| /\|   |   |   |   |   |
  +---+---+---+---+---+---+---+---+
 5|*  | /\| /\|   |   |   |   |   |
  +---+---+---+---+---+---+---+---+
 6|   | /\| /\|   |   |   |   |   |
  +---+---+---+---+---+---+---+---+
 7|   | /\| /\|   |   |   |   |   |
  +---+---+---+---+---+---+---+---+

Please enter your target:

    0   1   2   3   4   5   6   7 
  +---+---+---+---+---+---+---+---+
 0|   |   |   |   |   |   |   |   |
  +---+---+---+---+---+---+---+---+
 1|   | /\| /\| /\| b1| /\| /\| /\|
  +---+---+---+---+---+---+---+---+
 2|   | /\| /\| /\|   | /\| /\| /\|
  +---+---+---+---+---+---+---+---+
 3|+F2| /\|   |   | b1|   |   |   |
  +---+---+---+---+---+---+---+---+
 4|   | /\| /\|   |   |   |   |   |
  +---+---+---+---+---+---+---+---+
 5|   | /\| /\|   |   |   |   |   |
  +---+---+---+---+---+---+---+---+
 6|   | /\| /\|   |   |   |   |   |
  +---+---+---+---+---+---+---+---+
 7|   | /\| /\|   |   |   |   |   |
  +---+---+---+---+---+---+---+---+

End this turn (y,n)?

    0   1   2   3   4   5   6   7 
  +---+---+---+---+---+---+---+---+
 0|   |   | b1|   |   |   |   |   |
  +---+---+---+---+---+---+---+---+
 1|   | /\| /\| /\|   | /\| /\| /\|
  +---+---+---+---+---+---+---+---+
 2|   | /\| /\| /\|   | /\| /\| /\|
  +---+---+---+---+---+---+---+---+
 3| F2| /\| b1|   |   |   |   |   |
  +---+---+---+---+---+---+---+---+
 4|   | /\| /\|   |   |   |   |   |
  +---+---+---+---+---+---+---+---+
 5|   | /\| /\|   |   |   |   |   |
  +---+---+---+---+---+---+---+---+
 6|   | /\| /\|   |   |   |   |   |
  +---+---+---+---+---+---+---+---+
 7|   | /\| /\|   |   |   |   |   |
  +---+---+---+---+---+---+---+---+


    0   1   2   3   4   5   6   7 
  +---+---+---+---+---+---+---+---+
 0|   |   | b1|   |   |   |   |   |
  +---+---+---+---+---+---+---+---+
 1|   | /\| /\| /\|   | /\| /\| /\|
  +---+---+---+---+---+---+---+---+
 2|   | /\| /\| /\|   | /\| /\| /\|
  +---+---+---+---+---+---+---+---+
 3|+F2| /\| b1|   |   |   |   |   |
  +---+---+---+---+---+---+---+---+
 4|   | /\| /\|   |   |   |   |   |
  +---+---+---+---+---+---+---+---+
 5|   | /\| /\|   |   |   |   |   |
  +---+---+---+---+---+---+---+---+
 6|   | /\| /\|   |   |   |   |   |
  +---+---+---+---+---+---+---+---+
 7|   | /\| /\|   |   |   |   |   |
  +---+---+---+---+---+---+---+---+

End this turn (y,n)?
Please select a unit:
1.Move 2.Attack 3.Skip 
Select your action:

    0   1   2   3   4   5   6   7 
  +---+---+---+---+---+---+---+---+
 0|   |   | b1|   |   |   |   |   |
  +---+---+---+---+---+---+---+---+
 1|*  | /\| /\| /\|   | /\| /\| /\|
  +---+---+---+---+---+---+---+---+
 2|   | /\| /\| /\|   | /\| /\| /\|
  +---+---+---+---+---+---+---+---+
 3| F2| /\|*b1|   |   |   |   |   |
  +---+---+---+---+---+---+---+---+
 4|   | /\| /\|   |   |   |   |   |
  +---+---+---+---+---+---+---+---+
 5|*  | /\| /\|   |   |   |   |   |
  +---+---+---+---+---+---+---+---+
 6|   | /\| /\|   |   |   |   |   |
  +---+---+---+---+---+---+---+---+
 7|   | /\| /\|   |   |   |   |   |
  +---+---+---+---+---+---+---+---+

Please enter your target:

    0   1   2   3   4   5   6   7 
  +---+---+---+---+---+---+---+---+
 0|   |   | b1|   |   |   |   |   |
  +---+---+---+---+---+---+---+---+
 1|   | /\| /\| /\|   | /\| /\| /\|
  +---+---+---+---+---+---+---+---+
 2|   | /\| /\| /\|   | /\| /\| /\|
  +---+---+---+---+---+---+---+---+
 3|+F2| /\|   |   |   |   |   |   |
  +---+---+---+---+---+---+---+---+
 4|   | /\| /\|   |   |   |   |   |
  +---+---+---+---+---+---+---+---+
 5|   | /\| /\|   |   |   |   |   |
  +---+---+---+---+---+---+---+---+
 6|   | /\| /\|   |   |   |   |   |
  +---+---+---+---+---+---+---+---+
 7|   | /\| /\|   |   |   |   |   |
  +---+---+---+---+---+---+---+---+

End this turn (y,n)?

    0   1   2   3   4   5   6   7 
  +---+---+---+---+---+---+---+---+
 0|   |   |   |   |   |   |   |   |
  +---+---+---+---+---+---+---+---+
 1| b1| /\| /\| /\|   | /\| /\| /\|
  +---+---+---+---+---+---+---+---+
 2|   | /\| /\| /\|   | /\| /\| /\|
  +---+---+---+---+---+---+---+---+
 3| F2| /\|   |   |   |   |   |   |
  +---+---+---+---+---+---+---+---+
 4|   | /\| /\|   |   |   |   |   |
  +---+---+---+---+---+---+---+---+
 5|   | /\| /\|   |   |   |   |   |
  +---+---+---+---+---+---+---+---+
 6|   | /\| /\|   |   |   |   |   |
  +---+---+---+---+---+---+---+---+
 7|   | /\| /\|   |   |   |   |   |
  +---+---+---+---+---+---+---+---+


    0   1   2   3   4   5   6   7 
  +---+---+---+---+---+---+---+---+
 0|   |   |   |   |   |   |   |   |
  +---+---+---+---+---+---+---+---+
 1| b1| /\| /\| /\|   | /\| /\| /\|
  +---+---+---+---+---+---+---+---+
 2|   | /\| /\| /\|   | /\| /\| /\|
  +---+---+---+---+---+---+---+---+
 3|+F2| /\|   |   |   |   |   |   |
  +---+---+---+---+---+---+---+---+
 4|   | /\| /\|   |   |   |   |   |
  +---+---+---+---+---+---+---+---+
 5|   | /\| /\|   |   |   |   |   |
  +---+---+---+---+---+---+---+---+
 6|   | /\| /\|   |   |   |   |   |
  +---+---+---+---+---+---+---+---+
 7|   | /\| /\|   |   |   |   |   |
  +---+---+---+---+---+---+---+---+

End this turn (y,n)?
Please select a unit:
1.Move 2.Attack 3.Skip 
Select your action:

    0   1   2   3   4   5   6   7 
  +---+---+---+---+---+---+---+---+
 0|   |   |   |   |   |   |   |   |
  +---+---+---+---+---+---+---+---+
 1|*b1| /\| /\| /\|   | /\| /\| /\|
  +---+---+---+---+---+---+---+---+
 2|   | /\| /\| /\|   | /\| /\| /\|
  +---+---+---+---+---+---+---+---+
 3| F2| /\|*  |   |   |   |   |   |
  +---+---+---+---+---+---+---+---+
 4|   | /\| /\|   |   |   |   |   |
  +---+---+---+---+---+---+---+---+
 5|*  | /\| /\|   |   |   |   |   |
  +---+---+---+---+---+---+---+---+
 6|   | /\| /\|   |   |   |   |   |
  +---+---+---+---+---+---+---+---+
 7|   | /\| /\|   |   |   |   |   |
  +---+---+---+---+---+---+---+---+

Please enter your target:

    0   1   2   3   4   5   6   7 
  +---+---+---+---+---+---+---+---+
 0|   |   |   |   |   |   |   |   |
  +---+---+---+---+---+---+---+---+
 1|   | /\| /\| /\|   | /\| /\| /\|
  +---+---+---+---+---+---+---+---+
 2|   | /\| /\| /\|   | /\| /\| /\|
  +---+---+---+---+---+---+---+---+
 3|+F2| /\|   |   |   |   |   |   |
  +---+---+---+---+---+---+---+---+
 4|   | /\| /\|   |   |   |   |   |
  +---+---+---+---+---+---+---+---+
 5|   | /\| /\|   |   |   |   |   |
  +---+---+---+---+---+---+---+---+
 6|   | /\| /\|   |   |   |   |   |
  +---+---+---+---+---+---+---+---+
 7|   | /\| /\|   |   |   |   |   |
  +---+---+---+---+---+---+---+---+

End this turn (y,n)?

    0   1   2   3   4   5   6   7 
  +---+---+---+---+---+---+---+---+
 0|   |   |   |   |   |   |   |   |
  +---+---+---+---+---+---+---+---+
 1|   | /\| /\| /\|   | /\| /\| /\|
  +---+---+---+---+---+---+---+---+
 2|   | /\| /\| /\|   | /\| /\| /\|
  +---+---+---+---+---+---+---+---+
 3| F2| /\|   |   |   |   |   |   |
  +---+---+---+---+---+---+---+---+
 4|   | /\| /\|   |   |   |   |   |
  +---+---+---+---+---+---+---+---+
 5|   | /\| /\|   |   |   |   |   |
  +---+---+---+---+---+---+---+---+
 6|   | /\| /\|   |   |   |   |   |
  +---+---+---+---+---+---+---+---+
 7|   | /\| /\|   |   |   |   |   |
  +---+---+---+---+---+---+---+---+

Won
