
    0   1   2   3   4   5   6   7 
  +---+---+---+---+---+---+---+---+
 0|   |   | b2|   |   |   |   |   |
  +---+---+---+---+---+---+---+---+
 1| ~~|   |   | b2|   |   |   |   |
  +---+---+---+---+---+---+---+---+
 2|   | ~~|   |   | b2|   |   |   |
  +---+---+---+---+---+---+---+---+
 3| T3|   | ~~|   |   | b2|   |   |
  +---+---+---+---+---+---+---+---+
 4|   | T3|   | ~~|   |   | b2|   |
  +---+---+---+---+---+---+---+---+
 5|   |   | T3|   | ~~|   |   | b2|
  +---+---+---+---+---+---+---+---+
 6|   |   |   | T3| \/| ~~|   |   |
  +---+---+---+---+---+---+---+---+
 7|   |   |   |   | T3|   | ~~|   |
  +---+---+---+---+---+---+---+---+


    0   1   2   3   4   5   6   7 
  +---+---+---+---+---+---+---+---+
 0|   |   | b2|   |   |   |   |   |
  +---+---+---+---+---+---+---+---+
 1| ~~|   |   | b2|   |   |   |   |
  +---+---+---+---+---+---+---+---+
 2|   | ~~|   |   | b2|   |   |   |
  +---+---+---+---+---+---+---+---+
 3|+T3|   | ~~|   |   | b2|   |   |
  +---+---+---+---+---+---+---+---+
 4|   |+T3|   | ~~|   |   | b2|   |
  +---+---+---+---+---+---+---+---+
 5|   |   |+T3|   | ~~|   |   | b2|
  +---+---+---+---+---+---+---+---+
 6|   |   |   |+T3| \/| ~~|   |   |
  +---+---+---+---+---+---+---+---+
 7|   |   |   |   |+T3|   | ~~|   |
  +---+---+---+---+---+---+---+---+

End this turn (y,n)?

    0   1   2   3   4   5   6   7 
  +---+---+---+---+---+---+---+---+
 0|   |   |   |   |   |   |   |   |
  +---+---+---+---+---+---+---+---+
 1| b2|   |   |   |   |   |   |   |
  +---+---+---+---+---+---+---+---+
 2|   | b2|   |   |   |   |   |   |
  +---+---+---+---+---+---+---+---+
 3| T3|   | b2|   |   |   |   |   |
  +---+---+---+---+---+---+---+---+
 4|   | T3|   | b3|   |   |   |   |
  +---+---+---+---+---+---+---+---+
 5|   |   | T4|   | b3|   |   |   |
  +---+---+---+---+---+---+---+---+
 6|   |   |   | T4| \/| b3|   |   |
  +---+---+---+---+---+---+---+---+
 7|   |   |   |   | T4|   | ~~|   |
  +---+---+---+---+---+---+---+---+


    0   1   2   3   4   5   6   7 
  +---+---+---+---+---+---+---+---+
 0|   |   |   |   |   |   |   |   |
  +---+---+---+---+---+---+---+---+
 1| b2|   |   |   |   |   |   |   |
  +---+---+---+---+---+---+---+---+
 2|   | b2|   |   |   |   |   |   |
  +---+---+---+---+---+---+---+---+
 3|+T3|   | b2|   |   |   |   |   |
  +---+---+---+---+---+---+---+---+
 4|   |+T3|   | b3|   |   |   |   |
  +---+---+---+---+---+---+---+---+
 5|   |   |+T4|   | b3|   |   |   |
  +---+---+---+---+---+---+---+---+
 6|   |   |   |+T4| \/| b3|   |   |
  +---+---+---+---+---+---+---+---+
 7|   |   |   |   |+T4|   | ~~|   |
  +---+---+---+---+---+---+---+---+

End this turn (y,n)?
Please select a unit:
1.Move 2.Attack 3.Skip 
Select your action:

    0   1   2   3   4   5   6   7 
  +---+---+---+---+---+---+---+---+
 0|   |   |   |   |   |   |   |   |
  +---+---+---+---+---+---+---+---+
 1| b2|   |   |   |   |   |   |   |
  +---+---+---+---+---+---+---+---+
 2|.  | b2|   |   |   |   |   |   |
  +---+---+---+---+---+---+---+---+
 3|.T3|.  | b2|   |   |   |   |   |
  +---+---+---+---+---+---+---+---+
 4|.  | T3|   | b3|   |   |   |   |
  +---+---+---+---+---+---+---+---+
 5|.  |   | T4|   | b3|   |   |   |
  +---+---+---+---+---+---+---+---+
 6|   |   |   | T4| \/| b3|   |   |
  +---+---+---+---+---+---+---+---+
 7|   |   |   |   | T4|   | ~~|   |
  +---+---+---+---+---+---+---+---+

Please enter your destination:

    0   1   2   3   4   5   6   7 
  +---+---+---+---+---+---+---+---+
 0|   |   |   |   |   |   |   |   |
  +---+---+---+---+---+---+---+---+
 1| b2|   |   |   |   |   |   |   |
  +---+---+---+---+---+---+---+---+
 2|+T3| b2|   |   |   |   |   |   |
  +---+---+---+---+---+---+---+---+
 3|   |   | b2|   |   |   |   |   |
  +---+---+---+---+---+---+---+---+
 4|   |+T3|   | b3|   |   |   |   |
  +---+---+---+---+---+---+---+---+
 5|   |   |+T4|   | b3|   |   |   |
  +---+---+---+---+---+---+---+---+
 6|   |   |   |+T4| \/| b3|   |   |
  +---+---+---+---+---+---+---+---+
 7|   |   |   |   |+T4|   | ~~|   |
  +---+---+---+---+---+---+---+---+

End this turn (y,n)?
Please select a unit:
1.Attack 2.Skip 
Select your action:

    0   1   2   3   4   5   6   7 
  +---+---+---+---+---+---+---+---+
 0|   |   |   |   |   |   |   |   |
  +---+---+---+---+---+---+---+---+
 1|*b2|   |   |   |   |   |   |   |
  +---+---+---+---+---+---+---+---+
 2| T3|*b2|   |   |   |   |   |   |
  +---+---+---+---+---+---+---+---+
 3|*  |   | b2|   |   |   |   |   |
  +---+---+---+---+---+---+---+---+
 4|*  | T3|   | b3|   |   |   |   |
  +---+---+---+---+---+---+---+---+
 5|*  |   | T4|   | b3|   |   |   |
  +---+---+---+---+---+---+---+---+
 6|*  |   |   | T4| \/| b3|   |   |
  +---+---+---+---+---+---+---+---+
 7|*  |   |   |   | T4|   | ~~|   |
  +---+---+---+---+---+---+---+---+

Please enter your target:

    0   1   2   3   4   5   6   7 
  +---+---+---+---+---+---+---+---+
 0| b1|   |   |   |   |   |   |   |
  +---+---+---+---+---+---+---+---+
 1| ~~|   |   |   |   |   |   |   |
  +---+---+---+---+---+---+---+---+
 2| T3| b2|   |   |   |   |   |   |
  +---+---+---+---+---+---+---+---+
 3|   |   | b2|   |   |   |   |   |
  +---+---+---+---+---+---+---+---+
 4|   |+T3|   | b3|   |   |   |   |
  +---+---+---+---+---+---+---+---+
 5|   |   |+T4|   | b3|   |   |   |
  +---+---+---+---+---+---+---+---+
 6|   |   |   |+T4| \/| b3|   |   |
  +---+---+---+---+---+---+---+---+
 7|   |   |   |   |+T4|   | ~~|   |
  +---+---+---+---+---+---+---+---+

End this turn (y,n)?
Please select a unit:
1.Move 2.Attack 3.Skip 
Select your action:

    0   1   2   3   4   5   6   7 
  +---+---+---+---+---+---+---+---+
 0| b1|   |   |   |   |   |   |   |
  +---+---+---+---+---+---+---+---+
 1| ~~|   |   |   |   |   |   |   |
  +---+---+---+---+---+---+---+---+
 2| T3| b2|   |   |   |   |   |   |
  +---+---+---+---+---+---+---+---+
 3|.  |.  | b2|   |   |   |   |   |
  +---+---+---+---+---+---+---+---+
 4|.  |.T3|.  | b3|   |   |   |   |
  +---+---+---+---+---+---+---+---+
 5|.  |.  | T4|   | b3|   |   |   |
  +---+---+---+---+---+---+---+---+
 6|   |.  |   | T4| \/| b3|   |   |
  +---+---+---+---+---+---+---+---+
 7|   |   |   |   | T4|   | ~~|   |
  +---+---+---+---+---+---+---+---+

Please enter your destination:

    0   1   2   3   4   5   6   7 
  +---+---+---+---+---+---+---+---+
 0| b1|   |   |   |   |   |   |   |
  +---+---+---+---+---+---+---+---+
 1| ~~|   |   |   |   |   |   |   |
  +---+---+---+---+---+---+---+---+
 2| T3| b2|   |   |   |   |   |   |
  +---+---+---+---+---+---+---+---+
 3|   |+T3| b2|   |   |   |   |   |
  +---+---+---+---+---+---+---+---+
 4|   |   |   | b3|   |   |   |   |
  +---+---+---+---+---+---+---+---+
 5|   |   |+T4|   | b3|   |   |   |
  +---+---+---+---+---+---+---+---+
 6|   |   |   |+T4| \/| b3|   |   |
  +---+---+---+---+---+---+---+---+
 7|   |   |   |   |+T4|   | ~~|   |
  +---+---+---+---+---+---+---+---+

End this turn (y,n)?
Please select a unit:
1.Attack 2.Skip 
Select your action:

    0   1   2   3   4   5   6   7 
  +---+---+---+---+---+---+---+---+
 0| b1|   |   |   |   |   |   |   |
  +---+---+---+---+---+---+---+---+
 1| ~~|   |   |   |   |   |   |   |
  +---+---+---+---+---+---+---+---+
 2| T3|*b2|   |   |   |   |   |   |
  +---+---+---+---+---+---+---+---+
 3|*  | T3|*b2|   |   |   |   |   |
  +---+---+---+---+---+---+---+---+
 4|   |*  |   | b3|   |   |   |   |
  +---+---+---+---+---+---+---+---+
 5|   |*  | T4|   | b3|   |   |   |
  +---+---+---+---+---+---+---+---+
 6|   |*  |   | T4| \/| b3|   |   |
  +---+---+---+---+---+---+---+---+
 7|   |*  |   |   | T4|   | ~~|   |
  +---+---+---+---+---+---+---+---+

Please enter your target:

    0   1   2   3   4   5   6   7 
  +---+---+---+---+---+---+---+---+
 0| b1|   |   |   |   |   |   |   |
  +---+---+---+---+---+---+---+---+
 1| ~~| b1|   |   |   |   |   |   |
  +---+---+---+---+---+---+---+---+
 2| T3| ~~|   |   |   |   |   |   |
  +---+---+---+---+---+---+---+---+
 3|   | T3| b2|   |   |   |   |   |
  +---+---+---+---+---+---+---+---+
 4|   |   |   | b3|   |   |   |   |
  +---+---+---+---+---+---+---+---+
 5|   |   |+T4|   | b3|   |   |   |
  +---+---+---+---+---+---+---+---+
 6|   |   |   |+T4| \/| b3|   |   |
  +---+---+---+---+---+---+---+---+
 7|   |   |   |   |+T4|   | ~~|   |
  +---+---+---+---+---+---+---+---+

End this turn (y,n)?
Please select a unit:
1.Move 2.Attack 3.Skip 
Select your action:

    0   1   2   3   4   5   6   7 
  +---+---+---+---+---+---+---+---+
 0| b1|   |   |   |   |   |   |   |
  +---+---+---+---+---+---+---+---+
 1| ~~| b1|   |   |   |   |   |   |
  +---+---+---+---+---+---+---+---+
 2| T3| ~~|   |   |   |   |   |   |
  +---+---+---+---+---+---+---+---+
 3|   | T3| b2|   |   |   |   |   |
  +---+---+---+---+---+---+---+---+
 4|   |.  |.  | b3|   |   |   |   |
  +---+---+---+---+---+---+---+---+
 5|.  |.  |.T4|.  | b3|   |   |   |
  +---+---+---+---+---+---+---+---+
 6|   |.  |.  | T4| \/| b3|   |   |
  +---+---+---+---+---+---+---+---+
 7|   |   |.  |   | T4|   | ~~|   |
  +---+---+---+---+---+---+---+---+

Please enter your destination:

    0   1   2   3   4   5   6   7 
  +---+---+---+---+---+---+---+---+
 0| b1|   |   |   |   |   |   |   |
  +---+---+---+---+---+---+---+---+
 1| ~~| b1|   |   |   |   |   |   |
  +---+---+---+---+---+---+---+---+
 2| T3| ~~|   |   |   |   |   |   |
  +---+---+---+---+---+---+---+---+
 3|   | T3| b2|   |   |   |   |   |
  +---+---+---+---+---+---+---+---+
 4|   |   |+T4| b3|   |   |   |   |
  +---+---+---+---+---+---+---+---+
 5|   |   |   |   | b3|   |   |   |
  +---+---+---+---+---+---+---+---+
 6|   |   |   |+T4| \/| b3|   |   |
  +---+---+---+---+---+---+---+---+
 7|   |   |   |   |+T4|   | ~~|   |
  +---+---+---+---+---+---+---+---+

End this turn (y,n)?
Please select a unit:
1.Attack 2.Skip 
Select your action:

    0   1   2   3   4   5   6   7 
  +---+---+---+---+---+---+---+---+
 0| b1|   |   |   |   |   |   |   |
  +---+---+---+---+---+---+---+---+
 1| ~~| b1|   |   |   |   |   |   |
  +---+---+---+---+---+---+---+---+
 2| T3| ~~|   |   |   |   |   |   |
  +---+---+---+---+---+---+---+---+
 3|   | T3|*b2|   |   |   |   |   |
  +---+---+---+---+---+---+---+---+
 4|*  |*  | T4|*b3|   |   |   |   |
  +---+---+---+---+---+---+---+---+
 5|   |   |*  |   | b3|   |   |   |
  +---+---+---+---+---+---+---+---+
 6|   |   |*  | T4| \/| b3|   |   |
  +---+---+---+---+---+---+---+---+
 7|   |   |*  |   | T4|   | ~~|   |
  +---+---+---+---+---+---+---+---+

Please enter your target:

    0   1   2   3   4   5   6   7 
  +---+---+---+---+---+---+---+---+
 0| b1|   |   |   |   |   |   |   |
  +---+---+---+---+---+---+---+---+
 1| ~~| b1|   |   |   |   |   |   |
  +---+---+---+---+---+---+---+---+
 2| T3| ~~| b1|   |   |   |   |   |
  +---+---+---+---+---+---+---+---+
 3|   | T3| ~~|   |   |   |   |   |
  +---+---+---+---+---+---+---+---+
 4|   |   | T4| b3|   |   |   |   |
  +---+---+---+---+---+---+---+---+
 5|   |   |   |   | b3|   |   |   |
  +---+---+---+---+---+---+---+---+
 6|   |   |   |+T4| \/| b3|   |   |
  +---+---+---+---+---+---+---+---+
 7|   |   |   |   |+T4|   | ~~|   |
  +---+---+---+---+---+---+---+---+

End this turn (y,n)?
Please select a unit:
1.Move 2.Attack 3.Skip 
Select your action:

    0   1   2   3   4   5   6   7 
  +---+---+---+---+---+---+---+---+
 0| b1|   |   |   |   |   |   |   |
  +---+---+---+---+---+---+---+---+
 1| ~~| b1|   |   |   |   |   |   |
  +---+---+---+---+---+---+---+---+
 2| T3| ~~| b1|   |   |   |   |   |
  +---+---+---+---+---+---+---+---+
 3|   | T3| ~~|   |   |   |   |   |
  +---+---+---+---+---+---+---+---+
 4|   |   | T4| b3|   |   |   |   |
  +---+---+---+---+---+---+---+---+
 5|   |   |.  |.  | b3|   |   |   |
  +---+---+---+---+---+---+---+---+
 6|   |.  |.  |.T4|.\/| b3|   |   |
  +---+---+---+---+---+---+---+---+
 7|   |   |.  |.  | T4|   | ~~|   |
  +---+---+---+---+---+---+---+---+

Please enter your destination:

    0   1   2   3   4   5   6   7 
  +---+---+---+---+---+---+---+---+
 0| b1|   |   |   |   |   |   |   |
  +---+---+---+---+---+---+---+---+
 1| ~~| b1|   |   |   |   |   |   |
  +---+---+---+---+---+---+---+---+
 2| T3| ~~| b1|   |   |   |   |   |
  +---+---+---+---+---+---+---+---+
 3|   | T3| ~~|   |   |   |   |   |
  +---+---+---+---+---+---+---+---+
 4|   |   | T4| b3|   |   |   |   |
  +---+---+---+---+---+---+---+---+
 5|   |   |   |+T4| b3|   |   |   |
  +---+---+---+---+---+---+---+---+
 6|   |   |   |   | \/| b3|   |   |
  +---+---+---+---+---+---+---+---+
 7|   |   |   |   |+T4|   | ~~|   |
  +---+---+---+---+---+---+---+---+

End this turn (y,n)?
Please select a unit:
1.Attack 2.Skip 
Select your action:

    0   1   2   3   4   5   6   7 
  +---+---+---+---+---+---+---+---+
 0| b1|   |   |   |   |   |   |   |
  +---+---+---+---+---+---+---+---+
 1| ~~| b1|   |   |   |   |   |   |
  +---+---+---+---+---+---+---+---+
 2| T3| ~~| b1|   |   |   |   |   |
  +---+---+---+---+---+---+---+---+
 3|   | T3| ~~|   |   |   |   |   |
  +---+---+---+---+---+---+---+---+
 4|   |   | T4|*b3|   |   |   |   |
  +---+---+---+---+---+---+---+---+
 5|*  |*  |*  | T4|*b3|   |   |   |
  +---+---+---+---+---+---+---+---+
 6|   |   |   |*  | \/| b3|   |   |
  +---+---+---+---+---+---+---+---+
 7|   |   |   |*  | T4|   | ~~|   |
  +---+---+---+---+---+---+---+---+

Please enter your target:

    0   1   2   3   4   5   6   7 
  +---+---+---+---+---+---+---+---+
 0| b1|   |   |   |   |   |   |   |
  +---+---+---+---+---+---+---+---+
 1| ~~| b1|   |   |   |   |   |   |
  +---+---+---+---+---+---+---+---+
 2| T3| ~~| b1|   |   |   |   |   |
  +---+---+---+---+---+---+---+---+
 3|   | T3| ~~| b2|   |   |   |   |
  +---+---+---+---+---+---+---+---+
 4|   |   | T4| ~~|   |   |   |   |
  +---+---+---+---+---+---+---+---+
 5|   |   |   | T4| b3|   |   |   |
  +---+---+---+---+---+---+---+---+
 6|   |   |   |   | \/| b3|   |   |
  +---+---+---+---+---+---+---+---+
 7|   |   |   |   |+T4|   | ~~|   |
  +---+---+---+---+---+---+---+---+

End this turn (y,n)?
Please select a unit:
1.Move 2.Attack 3.Skip 
Select your action:

    0   1   2   3   4   5   6   7 
  +---+---+---+---+---+---+---+---+
 0| b1|   |   |   |   |   |   |   |
  +---+---+---+---+---+---+---+---+
 1| ~~| b1|   |   |   |   |   |   |
  +---+---+---+---+---+---+---+---+
 2| T3| ~~| b1|   |   |   |   |   |
  +---+---+---+---+---+---+---+---+
 3|   | T3| ~~| b2|   |   |   |   |
  +---+---+---+---+---+---+---+---+
 4|   |   | T4| ~~|   |   |   |   |
  +---+---+---+---+---+---+---+---+
 5|   |   |   | T4| b3|   |   |   |
  +---+---+---+---+---+---+---+---+
 6|   |   |   |.  |.\/| b3|   |   |
  +---+---+---+---+---+---+---+---+
 7|   |   |.  |.  |.T4|.  | ~~|   |
  +---+---+---+---+---+---+---+---+

Please enter your destination:

    0   1   2   3   4   5   6   7 
  +---+---+---+---+---+---+---+---+
 0| b1|   |   |   |   |   |   |   |
  +---+---+---+---+---+---+---+---+
 1| ~~| b1|   |   |   |   |   |   |
  +---+---+---+---+---+---+---+---+
 2| T3| ~~| b1|   |   |   |   |   |
  +---+---+---+---+---+---+---+---+
 3|   | T3| ~~| b2|   |   |   |   |
  +---+---+---+---+---+---+---+---+
 4|   |   | T4| ~~|   |   |   |   |
  +---+---+---+---+---+---+---+---+
 5|   |   |   | T4| b3|   |   |   |
  +---+---+---+---+---+---+---+---+
 6|   |   |   |   |+T4| b3|   |   |
  +---+---+---+---+---+---+---+---+
 7|   |   |   |   |   |   | ~~|   |
  +---+---+---+---+---+---+---+---+

End this turn (y,n)?
Please select a unit:
1.Attack 2.Skip 
Select your action:

    0   1   2   3   4   5   6   7 
  +---+---+---+---+---+---+---+---+
 0| b1|   |   |   |   |   |   |   |
  +---+---+---+---+---+---+---+---+
 1| ~~| b1|   |   |   |   |   |   |
  +---+---+---+---+---+---+---+---+
 2| T3| ~~| b1|   |   |   |   |   |
  +---+---+---+---+---+---+---+---+
 3|   | T3| ~~| b2|   |   |   |   |
  +---+---+---+---+---+---+---+---+
 4|   |   | T4| ~~|   |   |   |   |
  +---+---+---+---+---+---+---+---+
 5|   |   |   | T4|*b3|   |   |   |
  +---+---+---+---+---+---+---+---+
 6|*  |*  |*  |*  | T4|*b3|   |   |
  +---+---+---+---+---+---+---+---+
 7|   |   |   |   |*  |   | ~~|   |
  +---+---+---+---+---+---+---+---+

Please enter your target:
No more actable units.

    0   1   2   3   4   5   6   7 
  +---+---+---+---+---+---+---+---+
 0|   |   |   |   |   |   |   |   |
  +---+---+---+---+---+---+---+---+
 1| b1|   |   |   |   |   |   |   |
  +---+---+---+---+---+---+---+---+
 2|   | b1|   |   |   |   |   |   |
  +---+---+---+---+---+---+---+---+
 3|   |   | b1|   |   |   |   |   |
  +---+---+---+---+---+---+---+---+
 4|   |   |   | b3|   |   |   |   |
  +---+---+---+---+---+---+---+---+
 5|   |   |   | T2| b3|   |   |   |
  +---+---+---+---+---+---+---+---+
 6|   |   |   |   | T2| b4|   |   |
  +---+---+---+---+---+---+---+---+
 7|   |   |   |   |   |   | ~~|   |
  +---+---+---+---+---+---+---+---+


    0   1   2   3   4   5   6   7 
  +---+---+---+---+---+---+---+---+
 0|   |   |   |   |   |   |   |   |
  +---+---+---+---+---+---+---+---+
 1| b1|   |   |   |   |   |   |   |
  +---+---+---+---+---+---+---+---+
 2|   | b1|   |   |   |   |   |   |
  +---+---+---+---+---+---+---+---+
 3|   |   | b1|   |   |   |   |   |
  +---+---+---+---+---+---+---+---+
 4|   |   |   | b3|   |   |   |   |
  +---+---+---+---+---+---+---+---+
 5|   |   |   |+T2| b3|   |   |   |
  +---+---+---+---+---+---+---+---+
 6|   |   |   |   |+T2| b4|   |   |
  +---+---+---+---+---+---+---+---+
 7|   |   |   |   |   |   | ~~|   |
  +---+---+---+---+---+---+---+---+

End this turn (y,n)?
Please select a unit:
1.Move 2.Attack 3.Skip 
Select your action:

    0   1   2   3   4   5   6   7 
  +---+---+---+---+---+---+---+---+
 0|   |   |   |   |   |   |   |   |
  +---+---+---+---+---+---+---+---+
 1| b1|   |   |   |   |   |   |   |
  +---+---+---+---+---+---+---+---+
 2|   | b1|   |   |   |   |   |   |
  +---+---+---+---+---+---+---+---+
 3|   |   | b1|   |   |   |   |   |
  +---+---+---+---+---+---+---+---+
 4|   |   |   |*b3|   |   |   |   |
  +---+---+---+---+---+---+---+---+
 5|*  |*  |*  | T2|*b3|   |   |   |
  +---+---+---+---+---+---+---+---+
 6|   |   |   |*  | T2| b4|   |   |
  +---+---+---+---+---+---+---+---+
 7|   |   |   |*  |   |   | ~~|   |
  +---+---+---+---+---+---+---+---+

Please enter your target:

    0   1   2   3   4   5   6   7 
  +---+---+---+---+---+---+---+---+
 0|   |   |   |   |   |   |   |   |
  +---+---+---+---+---+---+---+---+
 1| b1|   |   |   |   |   |   |   |
  +---+---+---+---+---+---+---+---+
 2|   | b1|   |   |   |   |   |   |
  +---+---+---+---+---+---+---+---+
 3|   |   | b1| b2|   |   |   |   |
  +---+---+---+---+---+---+---+---+
 4|   |   |   | ~~|   |   |   |   |
  +---+---+---+---+---+---+---+---+
 5|   |   |   |+T2| b3|   |   |   |
  +---+---+---+---+---+---+---+---+
 6|   |   |   |   |+T2| b4|   |   |
  +---+---+---+---+---+---+---+---+
 7|   |   |   |   |   |   | ~~|   |
  +---+---+---+---+---+---+---+---+

End this turn (y,n)?
Please select a unit:
1.Move 2.Attack 3.Skip 
Select your action:

    0   1   2   3   4   5   6   7 
  +---+---+---+---+---+---+---+---+
 0|   |   |   |   |   |   |   |   |
  +---+---+---+---+---+---+---+---+
 1| b1|   |   |   |   |   |   |   |
  +---+---+---+---+---+---+---+---+
 2|   | b1|   |   |   |   |   |   |
  +---+---+---+---+---+---+---+---+
 3|   |   | b1| b2|   |   |   |   |
  +---+---+---+---+---+---+---+---+
 4|   |   |   | ~~|   |   |   |   |
  +---+---+---+---+---+---+---+---+
 5|   |   |   | T2|*b3|   |   |   |
  +---+---+---+---+---+---+---+---+
 6|*  |*  |*  |*  | T2|*b4|   |   |
  +---+---+---+---+---+---+---+---+
 7|   |   |   |   |*  |   | ~~|   |
  +---+---+---+---+---+---+---+---+

Please enter your target:

    0   1   2   3   4   5   6   7 
  +---+---+---+---+---+---+---+---+
 0|   |   |   |   |   |   |   |   |
  +---+---+---+---+---+---+---+---+
 1| b1|   |   |   |   |   |   |   |
  +---+---+---+---+---+---+---+---+
 2|   | b1|   |   |   |   |   |   |
  +---+---+---+---+---+---+---+---+
 3|   |   | b1| b2|   |   |   |   |
  +---+---+---+---+---+---+---+---+
 4|   |   |   | ~~| b2|   |   |   |
  +---+---+---+---+---+---+---+---+
 5|   |   |   |+T2| ~~|   |   |   |
  +---+---+---+---+---+---+---+---+
 6|   |   |   |   |+T2| b4|   |   |
  +---+---+---+---+---+---+---+---+
 7|   |   |   |   |   |   | ~~|   |
  +---+---+---+---+---+---+---+---+

End this turn (y,n)?

    0   1   2   3   4   5   6   7 
  +---+---+---+---+---+---+---+---+
 0|   |   |   |   |   |   |   |   |
  +---+---+---+---+---+---+---+---+
 1| ~~|   |   | b1|   |   |   |   |
  +---+---+---+---+---+---+---+---+
 2|   | ~~|   |   |   |   |   |   |
  +---+---+---+---+---+---+---+---+
 3|   |   | ~~|   |   |   |   |   |
  +---+---+---+---+---+---+---+---+
 4|   |   | b2| b3|   |   |   |   |
  +---+---+---+---+---+---+---+---+
 5|   | b1|   |   | b3|   |   |   |
  +---+---+---+---+---+---+---+---+
 6|   |   |   |   | \/| b5|   |   |
  +---+---+---+---+---+---+---+---+
 7|   |   |   |   |   |   | ~~|   |
  +---+---+---+---+---+---+---+---+

Failed
