
    0   1   2   3   4   5   6   7 
  +---+---+---+---+---+---+---+---+
 0| ~~| T3|   | h1| h1|   | T3| /\|
  +---+---+---+---+---+---+---+---+
 1| ~~| T3|   | h1| h1|   | T3| /\|
  +---+---+---+---+---+---+---+---+
 2| ~~| T3|   | h1| h1|   | T3| /\|
  +---+---+---+---+---+---+---+---+
 3| ~~| T3|   | h1| h1|   | T3| /\|
  +---+---+---+---+---+---+---+---+
 4| ~~| T3|   | h1| h1|   | T3| /\|
  +---+---+---+---+---+---+---+---+
 5| ~~| T3|   | h1| h1|   | T3| /\|
  +---+---+---+---+---+---+---+---+
 6| ~~| T3|   | h1| h1|   | T3| /\|
  +---+---+---+---+---+---+---+---+
 7| ~~| T3|   | h1| h1|   | T3| /\|
  +---+---+---+---+---+---+---+---+


    0   1   2   3   4   5   6   7 
  +---+---+---+---+---+---+---+---+
 0| ~~|+T3|   | h1| h1|   |+T3| /\|
  +---+---+---+---+---+---+---+---+
 1| ~~|+T3|   | h1| h1|   |+T3| /\|
  +---+---+---+---+---+---+---+---+
 2| ~~|+T3|   | h1| h1|   |+T3| /\|
  +---+---+---+---+---+---+---+---+
 3| ~~|+T3|   | h1| h1|   |+T3| /\|
  +---+---+---+---+---+---+---+---+
 4| ~~|+T3|   | h1| h1|   |+T3| /\|
  +---+---+---+---+---+---+---+---+
 5| ~~|+T3|   | h1| h1|   |+T3| /\|
  +---+---+---+---+---+---+---+---+
 6| ~~|+T3|   | h1| h1|   |+T3| /\|
  +---+---+---+---+---+---+---+---+
 7| ~~|+T3|   | h1| h1|   |+T3| /\|
  +---+---+---+---+---+---+---+---+

End this turn (y,n)?

    0   1   2   3   4   5   6   7 
  +---+---+---+---+---+---+---+---+
 0| ~~|   | h1|   |   | h1|   |   |
  +---+---+---+---+---+---+---+---+
 1| ~~|   | h1|   |   | h1|   |   |
  +---+---+---+---+---+---+---+---+
 2| ~~|   | h1|   |   | h1|   |   |
  +---+---+---+---+---+---+---+---+
 3| ~~|   | h1|   |   | h1|   |   |
  +---+---+---+---+---+---+---+---+
 4| ~~|   | h1|   |   | h1|   |   |
  +---+---+---+---+---+---+---+---+
 5| ~~|   | h1|   |   | h1|   |   |
  +---+---+---+---+---+---+---+---+
 6| ~~|   | h1|   |   | h1|   |   |
  +---+---+---+---+---+---+---+---+
 7| ~~|   | h1|   |   | h1|   |   |
  +---+---+---+---+---+---+---+---+

Failed
