
    0   1   2   3   4   5   6   7 
  +---+---+---+---+---+---+---+---+
 0|   | b2|   | S2|   | /\| ~~| T3|
  +---+---+---+---+---+---+---+---+
 1|   |   |   | b2|   | b2|   | ~~|
  +---+---+---+---+---+---+---+---+
 2|   |   | h1|   | /\|   |   | ~~|
  +---+---+---+---+---+---+---+---+
 3|   |   | ~~| /\| b2| \/|   |   |
  +---+---+---+---+---+---+---+---+
 4|   | /\|   | /\| ~~| /\|   |   |
  +---+---+---+---+---+---+---+---+
 5|   |   |   |   |   |   | F2| h1|
  +---+---+---+---+---+---+---+---+
 6| b2|   |   |   |   |   | b2|   |
  +---+---+---+---+---+---+---+---+
 7|   | h1| h1| /\|   | T3|   |   |
  +---+---+---+---+---+---+---+---+


    0   1   2   3   4   5   6   7 
  +---+---+---+---+---+---+---+---+
 0|   | b2|   |+S2|   | /\| ~~|+T3|
  +---+---+---+---+---+---+---+---+
 1|   |   |   | b2|   | b2|   | ~~|
  +---+---+---+---+---+---+---+---+
 2|   |   | h1|   | /\|   |   | ~~|
  +---+---+---+---+---+---+---+---+
 3|   |   | ~~| /\| b2| \/|   |   |
  +---+---+---+---+---+---+---+---+
 4|   | /\|   | /\| ~~| /\|   |   |
  +---+---+---+---+---+---+---+---+
 5|   |   |   |   |   |   |+F2| h1|
  +---+---+---+---+---+---+---+---+
 6| b2|   |   |   |   |   | b2|   |
  +---+---+---+---+---+---+---+---+
 7|   | h1| h1| /\|   |+T3|   |   |
  +---+---+---+---+---+---+---+---+

End this turn (y,n)?
Please select a unit:
1.Move 2.Attack 3.Skip 
Select your action:

    0   1   2   3   4   5   6   7 
  +---+---+---+---+---+---+---+---+
 0|   | b2|.  |.S2|.  | /\| ~~| T3|
  +---+---+---+---+---+---+---+---+
 1|   |.  |.  | b2|.  | b2|   | ~~|
  +---+---+---+---+---+---+---+---+
 2|   |   | h1|   | /\|   |   | ~~|
  +---+---+---+---+---+---+---+---+
 3|   |   | ~~| /\| b2| \/|   |   |
  +---+---+---+---+---+---+---+---+
 4|   | /\|   | /\| ~~| /\|   |   |
  +---+---+---+---+---+---+---+---+
 5|   |   |   |   |   |   | F2| h1|
  +---+---+---+---+---+---+---+---+
 6| b2|   |   |   |   |   | b2|   |
  +---+---+---+---+---+---+---+---+
 7|   | h1| h1| /\|   | T3|   |   |
  +---+---+---+---+---+---+---+---+

Please enter your destination:

    0   1   2   3   4   5   6   7 
  +---+---+---+---+---+---+---+---+
 0|   | b2|   |   |   | /\| ~~|+T3|
  +---+---+---+---+---+---+---+---+
 1|   |   |+S2| b2|   | b2|   | ~~|
  +---+---+---+---+---+---+---+---+
 2|   |   | h1|   | /\|   |   | ~~|
  +---+---+---+---+---+---+---+---+
 3|   |   | ~~| /\| b2| \/|   |   |
  +---+---+---+---+---+---+---+---+
 4|   | /\|   | /\| ~~| /\|   |   |
  +---+---+---+---+---+---+---+---+
 5|   |   |   |   |   |   |+F2| h1|
  +---+---+---+---+---+---+---+---+
 6| b2|   |   |   |   |   | b2|   |
  +---+---+---+---+---+---+---+---+
 7|   | h1| h1| /\|   |+T3|   |   |
  +---+---+---+---+---+---+---+---+

End this turn (y,n)?
Please select a unit:
1.Attack 2.Skip 
Select your action:

    0   1   2   3   4   5   6   7 
  +---+---+---+---+---+---+---+---+
 0|   | b2|*  |   |   | /\| ~~| T3|
  +---+---+---+---+---+---+---+---+
 1|   |*  | S2|*b2|   | b2|   | ~~|
  +---+---+---+---+---+---+---+---+
 2|   |   |*h1|   | /\|   |   | ~~|
  +---+---+---+---+---+---+---+---+
 3|   |   | ~~| /\| b2| \/|   |   |
  +---+---+---+---+---+---+---+---+
 4|   | /\|   | /\| ~~| /\|   |   |
  +---+---+---+---+---+---+---+---+
 5|   |   |   |   |   |   | F2| h1|
  +---+---+---+---+---+---+---+---+
 6| b2|   |   |   |   |   | b2|   |
  +---+---+---+---+---+---+---+---+
 7|   | h1| h1| /\|   | T3|   |   |
  +---+---+---+---+---+---+---+---+

Please enter your target:

    0   1   2   3   4   5   6   7 
  +---+---+---+---+---+---+---+---+
 0|   | b2|   |   |   | /\| ~~|+T3|
  +---+---+---+---+---+---+---+---+
 1|   |   | S2| b2|   | b2|   | ~~|
  +---+---+---+---+---+---+---+---+
 2|   |   |   |   | /\|   |   | ~~|
  +---+---+---+---+---+---+---+---+
 3|   |   | ~~| /\| b2| \/|   |   |
  +---+---+---+---+---+---+---+---+
 4|   | /\|   | /\| ~~| /\|   |   |
  +---+---+---+---+---+---+---+---+
 5|   |   |   |   |   |   |+F2| h1|
  +---+---+---+---+---+---+---+---+
 6| b2|   |   |   |   |   | b2|   |
  +---+---+---+---+---+---+---+---+
 7|   | h1| h1| /\|   |+T3|   |   |
  +---+---+---+---+---+---+---+---+

End this turn (y,n)?
Please select a unit:
1.Move 2.Attack 3.Skip 
Select your action:

    0   1   2   3   4   5   6   7 
  +---+---+---+---+---+---+---+---+
 0|   | b2|   |   |   | /\|.~~| T3|
  +---+---+---+---+---+---+---+---+
 1|   |   | S2| b2|   | b2|.  |.~~|
  +---+---+---+---+---+---+---+---+
 2|   |   |   |   | /\|.  |.  |.~~|
  +---+---+---+---+---+---+---+---+
 3|   |   | ~~| /\| b2| \/|.  |.  |
  +---+---+---+---+---+---+---+---+
 4|   | /\|.  | /\|.~~| /\|.  |.  |
  +---+---+---+---+---+---+---+---+
 5|   |.  |.  |.  |.  |.  |.F2| h1|
  +---+---+---+---+---+---+---+---+
 6| b2|   |.  |.  |.  |.  | b2|   |
  +---+---+---+---+---+---+---+---+
 7|   | h1| h1| /\|.  | T3|   |   |
  +---+---+---+---+---+---+---+---+

Please enter your destination:

    0   1   2   3   4   5   6   7 
  +---+---+---+---+---+---+---+---+
 0|   | b2|   |   |   | /\| ~~|+T3|
  +---+---+---+---+---+---+---+---+
 1|   |   | S2| b2|   | b2|   | ~~|
  +---+---+---+---+---+---+---+---+
 2|   |   |   |   | /\|   |   | ~~|
  +---+---+---+---+---+---+---+---+
 3|   |   | ~~| /\| b2| \/|   |   |
  +---+---+---+---+---+---+---+---+
 4|   | /\|   | /\| ~~| /\|+F2|   |
  +---+---+---+---+---+---+---+---+
 5|   |   |   |   |   |   |   | h1|
  +---+---+---+---+---+---+---+---+
 6| b2|   |   |   |   |   | b2|   |
  +---+---+---+---+---+---+---+---+
 7|   | h1| h1| /\|   |+T3|   |   |
  +---+---+---+---+---+---+---+---+

End this turn (y,n)?
Please select a unit:
1.Attack 2.Skip 
Select your action:

    0   1   2   3   4   5   6   7 
  +---+---+---+---+---+---+---+---+
 0|   | b2|   |   |   | /\| ~~| T3|
  +---+---+---+---+---+---+---+---+
 1|   |   | S2| b2|   | b2|   | ~~|
  +---+---+---+---+---+---+---+---+
 2|   |   |   |   | /\|   |*  | ~~|
  +---+---+---+---+---+---+---+---+
 3|   |   | ~~| /\| b2| \/|   |   |
  +---+---+---+---+---+---+---+---+
 4|   | /\|   | /\|*~~| /\| F2|   |
  +---+---+---+---+---+---+---+---+
 5|   |   |   |   |   |   |   | h1|
  +---+---+---+---+---+---+---+---+
 6| b2|   |   |   |   |   |*b2|   |
  +---+---+---+---+---+---+---+---+
 7|   | h1| h1| /\|   | T3|   |   |
  +---+---+---+---+---+---+---+---+

Please enter your target:

    0   1   2   3   4   5   6   7 
  +---+---+---+---+---+---+---+---+
 0|   | b2|   |   |   | /\| ~~|+T3|
  +---+---+---+---+---+---+---+---+
 1|   |   | S2| b2|   | b2|   | ~~|
  +---+---+---+---+---+---+---+---+
 2|   |   |   |   | /\|   |   | ~~|
  +---+---+---+---+---+---+---+---+
 3|   |   | ~~| /\| b2| \/|   |   |
  +---+---+---+---+---+---+---+---+
 4|   | /\|   | /\| ~~| /\| F2|   |
  +---+---+---+---+---+---+---+---+
 5|   |   |   |   |   |   |   | h1|
  +---+---+---+---+---+---+---+---+
 6| b2|   |   |   |   |   |   |   |
  +---+---+---+---+---+---+---+---+
 7|   | h1| h1| /\|   |+T3|   |   |
  +---+---+---+---+---+---+---+---+

End this turn (y,n)?
Please select a unit:
1.Move 2.Attack 3.Skip 
Select your action:

    0   1   2   3   4   5   6   7 
  +---+---+---+---+---+---+---+---+
 0|   | b2|   |   |   | /\| ~~| T3|
  +---+---+---+---+---+---+---+---+
 1|   |   | S2| b2|   | b2|   | ~~|
  +---+---+---+---+---+---+---+---+
 2|   |   |   |   | /\|   |   | ~~|
  +---+---+---+---+---+---+---+---+
 3|   |   | ~~| /\| b2| \/|   |   |
  +---+---+---+---+---+---+---+---+
 4|   | /\|   | /\| ~~| /\| F2|   |
  +---+---+---+---+---+---+---+---+
 5|   |   |   |   |   |.  |   | h1|
  +---+---+---+---+---+---+---+---+
 6| b2|   |   |   |.  |.  |.  |   |
  +---+---+---+---+---+---+---+---+
 7|   | h1| h1| /\|.  |.T3|.  |.  |
  +---+---+---+---+---+---+---+---+

Please enter your destination:

    0   1   2   3   4   5   6   7 
  +---+---+---+---+---+---+---+---+
 0|   | b2|   |   |   | /\| ~~|+T3|
  +---+---+---+---+---+---+---+---+
 1|   |   | S2| b2|   | b2|   | ~~|
  +---+---+---+---+---+---+---+---+
 2|   |   |   |   | /\|   |   | ~~|
  +---+---+---+---+---+---+---+---+
 3|   |   | ~~| /\| b2| \/|   |   |
  +---+---+---+---+---+---+---+---+
 4|   | /\|   | /\| ~~| /\| F2|   |
  +---+---+---+---+---+---+---+---+
 5|   |   |   |   |   |   |   | h1|
  +---+---+---+---+---+---+---+---+
 6| b2|   |   |   |   |   |   |   |
  +---+---+---+---+---+---+---+---+
 7|   | h1| h1| /\|   |   |   |+T3|
  +---+---+---+---+---+---+---+---+

End this turn (y,n)?
Please select a unit:
1.Attack 2.Skip 
Select your action:

    0   1   2   3   4   5   6   7 
  +---+---+---+---+---+---+---+---+
 0|   | b2|   |   |   | /\| ~~| T3|
  +---+---+---+---+---+---+---+---+
 1|   |   | S2| b2|   | b2|   | ~~|
  +---+---+---+---+---+---+---+---+
 2|   |   |   |   | /\|   |   | ~~|
  +---+---+---+---+---+---+---+---+
 3|   |   | ~~| /\| b2| \/|   |   |
  +---+---+---+---+---+---+---+---+
 4|   | /\|   | /\| ~~| /\| F2|   |
  +---+---+---+---+---+---+---+---+
 5|   |   |   |   |   |   |   |*h1|
  +---+---+---+---+---+---+---+---+
 6| b2|   |   |   |   |   |   |*  |
  +---+---+---+---+---+---+---+---+
 7|   | h1| h1|*/\|*  |*  |*  | T3|
  +---+---+---+---+---+---+---+---+

Please enter your target:

    0   1   2   3   4   5   6   7 
  +---+---+---+---+---+---+---+---+
 0|   | b2|   |   |   | /\| ~~|+T3|
  +---+---+---+---+---+---+---+---+
 1|   |   | S2| b2|   | b2|   | ~~|
  +---+---+---+---+---+---+---+---+
 2|   |   |   |   | /\|   |   | ~~|
  +---+---+---+---+---+---+---+---+
 3|   |   | ~~| /\| b2| \/|   |   |
  +---+---+---+---+---+---+---+---+
 4|   | /\|   | /\| ~~| /\| F2|   |
  +---+---+---+---+---+---+---+---+
 5|   |   |   |   |   |   |   |   |
  +---+---+---+---+---+---+---+---+
 6| b2|   |   |   |   |   |   |   |
  +---+---+---+---+---+---+---+---+
 7|   | h1| h1| /\|   |   |   | T3|
  +---+---+---+---+---+---+---+---+

End this turn (y,n)?

    0   1   2   3   4   5   6   7 
  +---+---+---+---+---+---+---+---+
 0|   |   | b2|   | b2| /\| b2|   |
  +---+---+---+---+---+---+---+---+
 1|   |   |   |   |   |   |   | ~~|
  +---+---+---+---+---+---+---+---+
 2|   |   |   |   | /\|   |   | ~~|
  +---+---+---+---+---+---+---+---+
 3|   |   | ~~| /\|   | \/|   |   |
  +---+---+---+---+---+---+---+---+
 4|   | /\|   | /\| b3| /\| F3|   |
  +---+---+---+---+---+---+---+---+
 5|   |   | b2|   |   |   |   |   |
  +---+---+---+---+---+---+---+---+
 6|   |   |   | h1|   |   |   |   |
  +---+---+---+---+---+---+---+---+
 7|   |   | h1| /\|   |   |   | T3|
  +---+---+---+---+---+---+---+---+


    0   1   2   3   4   5   6   7 
  +---+---+---+---+---+---+---+---+
 0|   |   | b2|   | b2| /\| b2|   |
  +---+---+---+---+---+---+---+---+
 1|   |   |   |   |   |   |   | ~~|
  +---+---+---+---+---+---+---+---+
 2|   |   |   |   | /\|   |   | ~~|
  +---+---+---+---+---+---+---+---+
 3|   |   | ~~| /\|   | \/|   |   |
  +---+---+---+---+---+---+---+---+
 4|   | /\|   | /\| b3| /\|+F3|   |
  +---+---+---+---+---+---+---+---+
 5|   |   | b2|   |   |   |   |   |
  +---+---+---+---+---+---+---+---+
 6|   |   |   | h1|   |   |   |   |
  +---+---+---+---+---+---+---+---+
 7|   |   | h1| /\|   |   |   |+T3|
  +---+---+---+---+---+---+---+---+

End this turn (y,n)?
Please select a unit:
1.Move 2.Attack 3.Skip 
Select your action:

    0   1   2   3   4   5   6   7 
  +---+---+---+---+---+---+---+---+
 0|   |   | b2|   | b2| /\| b2|   |
  +---+---+---+---+---+---+---+---+
 1|   |   |   |   |   |   |   | ~~|
  +---+---+---+---+---+---+---+---+
 2|   |   |   |   | /\|   |   | ~~|
  +---+---+---+---+---+---+---+---+
 3|   |   | ~~| /\|   | \/|   |   |
  +---+---+---+---+---+---+---+---+
 4|   | /\|   | /\| b3| /\| F3|   |
  +---+---+---+---+---+---+---+---+
 5|   |   | b2|   |   |   |   |.  |
  +---+---+---+---+---+---+---+---+
 6|   |   |   | h1|   |   |.  |.  |
  +---+---+---+---+---+---+---+---+
 7|   |   | h1| /\|   |.  |.  |.T3|
  +---+---+---+---+---+---+---+---+

Please enter your destination:

    0   1   2   3   4   5   6   7 
  +---+---+---+---+---+---+---+---+
 0|   |   | b2|   | b2| /\| b2|   |
  +---+---+---+---+---+---+---+---+
 1|   |   |   |   |   |   |   | ~~|
  +---+---+---+---+---+---+---+---+
 2|   |   |   |   | /\|   |   | ~~|
  +---+---+---+---+---+---+---+---+
 3|   |   | ~~| /\|   | \/|   |   |
  +---+---+---+---+---+---+---+---+
 4|   | /\|   | /\| b3| /\|+F3|   |
  +---+---+---+---+---+---+---+---+
 5|   |   | b2|   |   |   |   |   |
  +---+---+---+---+---+---+---+---+
 6|   |   |   | h1|   |   |   |+T3|
  +---+---+---+---+---+---+---+---+
 7|   |   | h1| /\|   |   |   |   |
  +---+---+---+---+---+---+---+---+

End this turn (y,n)?
Please select a unit:
1.Attack 2.Skip 
Select your action:

    0   1   2   3   4   5   6   7 
  +---+---+---+---+---+---+---+---+
 0|   |   | b2|   | b2| /\| b2|   |
  +---+---+---+---+---+---+---+---+
 1|   |   |   |   |   |   |   | ~~|
  +---+---+---+---+---+---+---+---+
 2|   |   |   |   | /\|   |   |*~~|
  +---+---+---+---+---+---+---+---+
 3|   |   | ~~| /\|   | \/|   |*  |
  +---+---+---+---+---+---+---+---+
 4|   | /\|   | /\| b3| /\| F3|*  |
  +---+---+---+---+---+---+---+---+
 5|   |   | b2|   |   |   |   |*  |
  +---+---+---+---+---+---+---+---+
 6|   |   |   |*h1|*  |*  |*  | T3|
  +---+---+---+---+---+---+---+---+
 7|   |   | h1| /\|   |   |   |*  |
  +---+---+---+---+---+---+---+---+

Please enter your target:

    0   1   2   3   4   5   6   7 
  +---+---+---+---+---+---+---+---+
 0|   |   | b2|   | b2| /\| b2|   |
  +---+---+---+---+---+---+---+---+
 1|   |   |   |   |   |   |   | ~~|
  +---+---+---+---+---+---+---+---+
 2|   |   |   |   | /\|   |   | ~~|
  +---+---+---+---+---+---+---+---+
 3|   |   | ~~| /\|   | \/|   |   |
  +---+---+---+---+---+---+---+---+
 4|   | /\|   | /\| b3| /\|+F3|   |
  +---+---+---+---+---+---+---+---+
 5|   |   | b2|   |   |   |   |   |
  +---+---+---+---+---+---+---+---+
 6|   |   |   |   |   |   |   | T3|
  +---+---+---+---+---+---+---+---+
 7|   |   | h1| /\|   |   |   |   |
  +---+---+---+---+---+---+---+---+

End this turn (y,n)?
Please select a unit:
1.Move 2.Attack 3.Skip 
Select your action:

    0   1   2   3   4   5   6   7 
  +---+---+---+---+---+---+---+---+
 0|   |   | b2|   | b2| /\| b2|   |
  +---+---+---+---+---+---+---+---+
 1|   |   |   |   |   |   |   | ~~|
  +---+---+---+---+---+---+---+---+
 2|   |   |   |   | /\|   |*  | ~~|
  +---+---+---+---+---+---+---+---+
 3|   |   | ~~| /\|   | \/|   |   |
  +---+---+---+---+---+---+---+---+
 4|   | /\|   | /\|*b3| /\| F3|   |
  +---+---+---+---+---+---+---+---+
 5|   |   | b2|   |   |   |   |   |
  +---+---+---+---+---+---+---+---+
 6|   |   |   |   |   |   |*  | T3|
  +---+---+---+---+---+---+---+---+
 7|   |   | h1| /\|   |   |   |   |
  +---+---+---+---+---+---+---+---+

Please enter your target:

    0   1   2   3   4   5   6   7 
  +---+---+---+---+---+---+---+---+
 0|   |   | b2|   | b2| /\| b2|   |
  +---+---+---+---+---+---+---+---+
 1|   |   |   |   |   |   |   | ~~|
  +---+---+---+---+---+---+---+---+
 2|   |   |   |   | /\|   |   | ~~|
  +---+---+---+---+---+---+---+---+
 3|   |   | ~~| /\|   | \/|   |   |
  +---+---+---+---+---+---+---+---+
 4|   | /\|   | /\| b1| /\|+F3|   |
  +---+---+---+---+---+---+---+---+
 5|   |   | b2|   |   |   |   |   |
  +---+---+---+---+---+---+---+---+
 6|   |   |   |   |   |   |   | T3|
  +---+---+---+---+---+---+---+---+
 7|   |   | h1| /\|   |   |   |   |
  +---+---+---+---+---+---+---+---+

End this turn (y,n)?
Please select a unit:
1.Move 2.Skip 
Select your action:

    0   1   2   3   4   5   6   7 
  +---+---+---+---+---+---+---+---+
 0|   |   | b2|   | b2| /\| b2|.  |
  +---+---+---+---+---+---+---+---+
 1|   |   |   |   |.  |.  |.  |.~~|
  +---+---+---+---+---+---+---+---+
 2|   |   |   |   | /\|.  |.  |.~~|
  +---+---+---+---+---+---+---+---+
 3|   |   | ~~| /\|   | \/|.  |.  |
  +---+---+---+---+---+---+---+---+
 4|   | /\|   | /\| b1| /\|.F3|.  |
  +---+---+---+---+---+---+---+---+
 5|   |   | b2|.  |.  |.  |.  |.  |
  +---+---+---+---+---+---+---+---+
 6|   |   |   |.  |.  |.  |.  | T3|
  +---+---+---+---+---+---+---+---+
 7|   |   | h1| /\|.  |.  |.  |.  |
  +---+---+---+---+---+---+---+---+

Please enter your destination:
No more actable units.

    0   1   2   3   4   5   6   7 
  +---+---+---+---+---+---+---+---+
 0|   |   |   |   |   | /\| ~~|   |
  +---+---+---+---+---+---+---+---+
 1|   |   |   |   | b3|   |   | ~~|
  +---+---+---+---+---+---+---+---+
 2|   |   |   | b3| /\|   |   | b3|
  +---+---+---+---+---+---+---+---+
 3|   |   | ~~| /\|   | \/|   |   |
  +---+---+---+---+---+---+---+---+
 4|   | /\|   | /\| ~~| /\|   |   |
  +---+---+---+---+---+---+---+---+
 5|   |   |   |   |   | b3| b2|   |
  +---+---+---+---+---+---+---+---+
 6|   |   |   |   | h1|   |   | T3|
  +---+---+---+---+---+---+---+---+
 7|   |   |   | /\|   |   | F3|   |
  +---+---+---+---+---+---+---+---+


    0   1   2   3   4   5   6   7 
  +---+---+---+---+---+---+---+---+
 0|   |   |   |   |   | /\| ~~|   |
  +---+---+---+---+---+---+---+---+
 1|   |   |   |   | b3|   |   | ~~|
  +---+---+---+---+---+---+---+---+
 2|   |   |   | b3| /\|   |   | b3|
  +---+---+---+---+---+---+---+---+
 3|   |   | ~~| /\|   | \/|   |   |
  +---+---+---+---+---+---+---+---+
 4|   | /\|   | /\| ~~| /\|   |   |
  +---+---+---+---+---+---+---+---+
 5|   |   |   |   |   | b3| b2|   |
  +---+---+---+---+---+---+---+---+
 6|   |   |   |   | h1|   |   |+T3|
  +---+---+---+---+---+---+---+---+
 7|   |   |   | /\|   |   |+F3|   |
  +---+---+---+---+---+---+---+---+

End this turn (y,n)?
Please select a unit:
1.Move 2.Attack 3.Skip 
Select your action:

    0   1   2   3   4   5   6   7 
  +---+---+---+---+---+---+---+---+
 0|   |   |   |   |   | /\| ~~|   |
  +---+---+---+---+---+---+---+---+
 1|   |   |   |   | b3|   |   | ~~|
  +---+---+---+---+---+---+---+---+
 2|   |   |   | b3| /\|   |   | b3|
  +---+---+---+---+---+---+---+---+
 3|   |   | ~~| /\|   | \/|   |   |
  +---+---+---+---+---+---+---+---+
 4|   | /\|   | /\| ~~| /\|   |.  |
  +---+---+---+---+---+---+---+---+
 5|   |   |   |   |   | b3| b2|.  |
  +---+---+---+---+---+---+---+---+
 6|   |   |   |   | h1|.  |.  |.T3|
  +---+---+---+---+---+---+---+---+
 7|   |   |   | /\|   |   | F3|.  |
  +---+---+---+---+---+---+---+---+

Please enter your destination:

    0   1   2   3   4   5   6   7 
  +---+---+---+---+---+---+---+---+
 0|   |   |   |   |   | /\| ~~|   |
  +---+---+---+---+---+---+---+---+
 1|   |   |   |   | b3|   |   | ~~|
  +---+---+---+---+---+---+---+---+
 2|   |   |   | b3| /\|   |   | b3|
  +---+---+---+---+---+---+---+---+
 3|   |   | ~~| /\|   | \/|   |   |
  +---+---+---+---+---+---+---+---+
 4|   | /\|   | /\| ~~| /\|   |   |
  +---+---+---+---+---+---+---+---+
 5|   |   |   |   |   | b3| b2|+T3|
  +---+---+---+---+---+---+---+---+
 6|   |   |   |   | h1|   |   |   |
  +---+---+---+---+---+---+---+---+
 7|   |   |   | /\|   |   |+F3|   |
  +---+---+---+---+---+---+---+---+

End this turn (y,n)?
Please select a unit:
1.Attack 2.Skip 
Select your action:

    0   1   2   3   4   5   6   7 
  +---+---+---+---+---+---+---+---+
 0|   |   |   |   |   | /\| ~~|   |
  +---+---+---+---+---+---+---+---+
 1|   |   |   |   | b3|   |   | ~~|
  +---+---+---+---+---+---+---+---+
 2|   |   |   | b3| /\|   |   |*b3|
  +---+---+---+---+---+---+---+---+
 3|   |   | ~~| /\|   | \/|   |*  |
  +---+---+---+---+---+---+---+---+
 4|   | /\|   | /\| ~~| /\|   |*  |
  +---+---+---+---+---+---+---+---+
 5|   |   |   |   |   | b3|*b2| T3|
  +---+---+---+---+---+---+---+---+
 6|   |   |   |   | h1|   |   |*  |
  +---+---+---+---+---+---+---+---+
 7|   |   |   | /\|   |   | F3|*  |
  +---+---+---+---+---+---+---+---+

Please enter your target:

    0   1   2   3   4   5   6   7 
  +---+---+---+---+---+---+---+---+
 0|   |   |   |   |   | /\| ~~|   |
  +---+---+---+---+---+---+---+---+
 1|   |   |   |   | b3|   |   | ~~|
  +---+---+---+---+---+---+---+---+
 2|   |   |   | b3| /\|   |   | b3|
  +---+---+---+---+---+---+---+---+
 3|   |   | ~~| /\|   | \/|   |   |
  +---+---+---+---+---+---+---+---+
 4|   | /\|   | /\| ~~| /\|   |   |
  +---+---+---+---+---+---+---+---+
 5|   |   |   |   |   | b2|   | T3|
  +---+---+---+---+---+---+---+---+
 6|   |   |   |   | h1|   |   |   |
  +---+---+---+---+---+---+---+---+
 7|   |   |   | /\|   |   |+F3|   |
  +---+---+---+---+---+---+---+---+

End this turn (y,n)?
Please select a unit:
1.Move 2.Attack 3.Skip 
Select your action:

    0   1   2   3   4   5   6   7 
  +---+---+---+---+---+---+---+---+
 0|   |   |   |   |   | /\| ~~|   |
  +---+---+---+---+---+---+---+---+
 1|   |   |   |   | b3|   |   | ~~|
  +---+---+---+---+---+---+---+---+
 2|   |   |   | b3| /\|   |.  | b3|
  +---+---+---+---+---+---+---+---+
 3|   |   | ~~| /\|   | \/|.  |.  |
  +---+---+---+---+---+---+---+---+
 4|   | /\|   | /\| ~~| /\|.  |.  |
  +---+---+---+---+---+---+---+---+
 5|   |   |   |   |   | b2|.  | T3|
  +---+---+---+---+---+---+---+---+
 6|   |   |   |   | h1|.  |.  |.  |
  +---+---+---+---+---+---+---+---+
 7|   |   |   | /\|.  |.  |.F3|.  |
  +---+---+---+---+---+---+---+---+

Please enter your destination:

    0   1   2   3   4   5   6   7 
  +---+---+---+---+---+---+---+---+
 0|   |   |   |   |   | /\| ~~|   |
  +---+---+---+---+---+---+---+---+
 1|   |   |   |   | b3|   |   | ~~|
  +---+---+---+---+---+---+---+---+
 2|   |   |   | b3| /\|   |   | b3|
  +---+---+---+---+---+---+---+---+
 3|   |   | ~~| /\|   | \/|   |   |
  +---+---+---+---+---+---+---+---+
 4|   | /\|   | /\| ~~| /\|   |   |
  +---+---+---+---+---+---+---+---+
 5|   |   |   |   |   | b2|   | T3|
  +---+---+---+---+---+---+---+---+
 6|   |   |   |   | h1|   |   |   |
  +---+---+---+---+---+---+---+---+
 7|   |   |   | /\|   |+F3|   |   |
  +---+---+---+---+---+---+---+---+

End this turn (y,n)?
Please select a unit:
1.Attack 2.Skip 
Select your action:

    0   1   2   3   4   5   6   7 
  +---+---+---+---+---+---+---+---+
 0|   |   |   |   |   | /\| ~~|   |
  +---+---+---+---+---+---+---+---+
 1|   |   |   |   | b3|   |   | ~~|
  +---+---+---+---+---+---+---+---+
 2|   |   |   | b3| /\|   |   | b3|
  +---+---+---+---+---+---+---+---+
 3|   |   | ~~| /\|   | \/|   |   |
  +---+---+---+---+---+---+---+---+
 4|   | /\|   | /\| ~~| /\|   |   |
  +---+---+---+---+---+---+---+---+
 5|   |   |   |   |   |*b2|   | T3|
  +---+---+---+---+---+---+---+---+
 6|   |   |   |   | h1|   |   |   |
  +---+---+---+---+---+---+---+---+
 7|   |   |   |*/\|   | F3|   |*  |
  +---+---+---+---+---+---+---+---+

Please enter your target:
No more actable units.

    0   1   2   3   4   5   6   7 
  +---+---+---+---+---+---+---+---+
 0|   |   |   |   |   | /\| ~~|   |
  +---+---+---+---+---+---+---+---+
 1|   |   |   |   |   | b4|   | b4|
  +---+---+---+---+---+---+---+---+
 2|   |   |   |   | /\|   |   | ~~|
  +---+---+---+---+---+---+---+---+
 3|   |   | ~~| /\|   | \/|   |   |
  +---+---+---+---+---+---+---+---+
 4|   | /\|   | /\| ~~| /\|   | b4|
  +---+---+---+---+---+---+---+---+
 5|   |   |   |   |   |   |   |   |
  +---+---+---+---+---+---+---+---+
 6|   |   |   |   |   | h1|   |   |
  +---+---+---+---+---+---+---+---+
 7|   |   |   | /\|   | F1|   |   |
  +---+---+---+---+---+---+---+---+


    0   1   2   3   4   5   6   7 
  +---+---+---+---+---+---+---+---+
 0|   |   |   |   |   | /\| ~~|   |
  +---+---+---+---+---+---+---+---+
 1|   |   |   |   |   | b4|   | b4|
  +---+---+---+---+---+---+---+---+
 2|   |   |   |   | /\|   |   | ~~|
  +---+---+---+---+---+---+---+---+
 3|   |   | ~~| /\|   | \/|   |   |
  +---+---+---+---+---+---+---+---+
 4|   | /\|   | /\| ~~| /\|   | b4|
  +---+---+---+---+---+---+---+---+
 5|   |   |   |   |   |   |   |   |
  +---+---+---+---+---+---+---+---+
 6|   |   |   |   |   | h1|   |   |
  +---+---+---+---+---+---+---+---+
 7|   |   |   | /\|   |+F1|   |   |
  +---+---+---+---+---+---+---+---+

End this turn (y,n)?
Please select a unit:
1.Move 2.Attack 3.Skip 
Select your action:

    0   1   2   3   4   5   6   7 
  +---+---+---+---+---+---+---+---+
 0|   |   |   |   |   | /\| ~~|   |
  +---+---+---+---+---+---+---+---+
 1|   |   |   |   |   | b4|   | b4|
  +---+---+---+---+---+---+---+---+
 2|   |   |   |   | /\|   |   | ~~|
  +---+---+---+---+---+---+---+---+
 3|   |   | ~~| /\|.  | \/|.  |   |
  +---+---+---+---+---+---+---+---+
 4|   | /\|   | /\|.~~| /\|.  | b4|
  +---+---+---+---+---+---+---+---+
 5|   |   |.  |.  |.  |.  |.  |.  |
  +---+---+---+---+---+---+---+---+
 6|   |.  |.  |.  |.  | h1|.  |.  |
  +---+---+---+---+---+---+---+---+
 7|   |   |.  | /\|.  |.F1|.  |.  |
  +---+---+---+---+---+---+---+---+

Please enter your destination:

    0   1   2   3   4   5   6   7 
  +---+---+---+---+---+---+---+---+
 0|   |   |   |   |   | /\| ~~|   |
  +---+---+---+---+---+---+---+---+
 1|   |   |   |   |   | b4|   | b4|
  +---+---+---+---+---+---+---+---+
 2|   |   |   |   | /\|   |   | ~~|
  +---+---+---+---+---+---+---+---+
 3|   |   | ~~| /\|   | \/|   |   |
  +---+---+---+---+---+---+---+---+
 4|   | /\|   | /\| ~~| /\|   | b4|
  +---+---+---+---+---+---+---+---+
 5|   |   |   |   |   |   |   |   |
  +---+---+---+---+---+---+---+---+
 6|   |   |   |   |   | h1|   |+F1|
  +---+---+---+---+---+---+---+---+
 7|   |   |   | /\|   |   |   |   |
  +---+---+---+---+---+---+---+---+

End this turn (y,n)?
Please select a unit:
1.Attack 2.Skip 
Select your action:

    0   1   2   3   4   5   6   7 
  +---+---+---+---+---+---+---+---+
 0|   |   |   |   |   | /\| ~~|   |
  +---+---+---+---+---+---+---+---+
 1|   |   |   |   |   | b4|   | b4|
  +---+---+---+---+---+---+---+---+
 2|   |   |   |   | /\|   |   | ~~|
  +---+---+---+---+---+---+---+---+
 3|   |   | ~~| /\|   | \/|   |   |
  +---+---+---+---+---+---+---+---+
 4|   | /\|   | /\| ~~| /\|   |*b4|
  +---+---+---+---+---+---+---+---+
 5|   |   |   |   |   |   |   |   |
  +---+---+---+---+---+---+---+---+
 6|   |   |   |   |   |*h1|   | F1|
  +---+---+---+---+---+---+---+---+
 7|   |   |   | /\|   |   |   |   |
  +---+---+---+---+---+---+---+---+

Please enter your target:
No more actable units.

    0   1   2   3   4   5   6   7 
  +---+---+---+---+---+---+---+---+
 0|   |   |   |   |   | /\| ~~|   |
  +---+---+---+---+---+---+---+---+
 1|   |   |   |   |   |   |   | ~~|
  +---+---+---+---+---+---+---+---+
 2|   |   |   |   | /\|   |   | b5|
  +---+---+---+---+---+---+---+---+
 3|   |   | ~~| /\|   | \/| b5|   |
  +---+---+---+---+---+---+---+---+
 4|   | /\|   | /\| ~~| /\|   |   |
  +---+---+---+---+---+---+---+---+
 5|   |   |   |   |   |   |   | b5|
  +---+---+---+---+---+---+---+---+
 6|   |   |   |   |   |   |   |   |
  +---+---+---+---+---+---+---+---+
 7|   |   |   | /\|   |   |   |   |
  +---+---+---+---+---+---+---+---+

Failed
