
    0   1   2   3   4   5   6   7 
  +---+---+---+---+---+---+---+---+
 0|   |   |   | ~~|   | ~~| h1| h1|
  +---+---+---+---+---+---+---+---+
 1| T3| b2| T3|   | h1| h1|   | T3|
  +---+---+---+---+---+---+---+---+
 2|   |   | S2|   |   | ~~| ~~|   |
  +---+---+---+---+---+---+---+---+
 3| T3|   |   |   |   |   |   |   |
  +---+---+---+---+---+---+---+---+
 4|   |   |   |   |   |   |   |   |
  +---+---+---+---+---+---+---+---+
 5|   | /\|   |   | h1| \/|   | /\|
  +---+---+---+---+---+---+---+---+
 6|   |   |   | ~~|   |   |   | /\|
  +---+---+---+---+---+---+---+---+
 7| ~~|   | F2|   |   |   |   |   |
  +---+---+---+---+---+---+---+---+


    0   1   2   3   4   5   6   7 
  +---+---+---+---+---+---+---+---+
 0|   |   |   | ~~|   | ~~| h1| h1|
  +---+---+---+---+---+---+---+---+
 1|+T3| b2|+T3|   | h1| h1|   |+T3|
  +---+---+---+---+---+---+---+---+
 2|   |   |+S2|   |   | ~~| ~~|   |
  +---+---+---+---+---+---+---+---+
 3|+T3|   |   |   |   |   |   |   |
  +---+---+---+---+---+---+---+---+
 4|   |   |   |   |   |   |   |   |
  +---+---+---+---+---+---+---+---+
 5|   | /\|   |   | h1| \/|   | /\|
  +---+---+---+---+---+---+---+---+
 6|   |   |   | ~~|   |   |   | /\|
  +---+---+---+---+---+---+---+---+
 7| ~~|   |+F2|   |   |   |   |   |
  +---+---+---+---+---+---+---+---+

End this turn (y,n)?
Please select a unit:
1.Move 2.Attack 3.Skip 
Select your action:

    0   1   2   3   4   5   6   7 
  +---+---+---+---+---+---+---+---+
 0|   |   |   | ~~|   | ~~| h1|*h1|
  +---+---+---+---+---+---+---+---+
 1| T3| b2| T3|   | h1|*h1|*  | T3|
  +---+---+---+---+---+---+---+---+
 2|   |   | S2|   |   | ~~| ~~|*  |
  +---+---+---+---+---+---+---+---+
 3| T3|   |   |   |   |   |   |*  |
  +---+---+---+---+---+---+---+---+
 4|   |   |   |   |   |   |   |*  |
  +---+---+---+---+---+---+---+---+
 5|   | /\|   |   | h1| \/|   |*/\|
  +---+---+---+---+---+---+---+---+
 6|   |   |   | ~~|   |   |   | /\|
  +---+---+---+---+---+---+---+---+
 7| ~~|   | F2|   |   |   |   |   |
  +---+---+---+---+---+---+---+---+

Please enter your target:

    0   1   2   3   4   5   6   7 
  +---+---+---+---+---+---+---+---+
 0|   |   |   | ~~|   | ~~| h1| h1|
  +---+---+---+---+---+---+---+---+
 1|+T3| b2|+T3|   |   |   |   |+T3|
  +---+---+---+---+---+---+---+---+
 2|   |   |+S2|   |   | ~~| ~~|   |
  +---+---+---+---+---+---+---+---+
 3|+T3|   |   |   |   |   |   |   |
  +---+---+---+---+---+---+---+---+
 4|   |   |   |   |   |   |   |   |
  +---+---+---+---+---+---+---+---+
 5|   | /\|   |   | h1| \/|   | /\|
  +---+---+---+---+---+---+---+---+
 6|   |   |   | ~~|   |   |   | /\|
  +---+---+---+---+---+---+---+---+
 7| ~~|   |+F2|   |   |   |   |   |
  +---+---+---+---+---+---+---+---+

End this turn (y,n)?
Please select a unit:
1.Move 2.Attack 3.Skip 
Select your action:

    0   1   2   3   4   5   6   7 
  +---+---+---+---+---+---+---+---+
 0|   |   |   | ~~|   | ~~| h1| h1|
  +---+---+---+---+---+---+---+---+
 1| T3| b2| T3|   |   |   |   | T3|
  +---+---+---+---+---+---+---+---+
 2|   |   | S2|   |   | ~~| ~~|   |
  +---+---+---+---+---+---+---+---+
 3| T3|.  |.  |.  |   |   |   |   |
  +---+---+---+---+---+---+---+---+
 4|.  |.  |.  |.  |.  |   |   |   |
  +---+---+---+---+---+---+---+---+
 5|.  | /\|.  |.  | h1| \/|   | /\|
  +---+---+---+---+---+---+---+---+
 6|.  |.  |.  |.~~|.  |.  |.  | /\|
  +---+---+---+---+---+---+---+---+
 7|.~~|.  |.F2|.  |.  |.  |.  |.  |
  +---+---+---+---+---+---+---+---+

Please enter your destination:

    0   1   2   3   4   5   6   7 
  +---+---+---+---+---+---+---+---+
 0|   |   |   | ~~|   | ~~| h1| h1|
  +---+---+---+---+---+---+---+---+
 1|+T3| b2|+T3|   |   |   |   |+T3|
  +---+---+---+---+---+---+---+---+
 2|   |   |+S2|   |   | ~~| ~~|   |
  +---+---+---+---+---+---+---+---+
 3|+T3|   |   |   |   |   |   |   |
  +---+---+---+---+---+---+---+---+
 4|   |   |   |   |   |   |   |   |
  +---+---+---+---+---+---+---+---+
 5|   | /\|+F2|   | h1| \/|   | /\|
  +---+---+---+---+---+---+---+---+
 6|   |   |   | ~~|   |   |   | /\|
  +---+---+---+---+---+---+---+---+
 7| ~~|   |   |   |   |   |   |   |
  +---+---+---+---+---+---+---+---+

End this turn (y,n)?
Please select a unit:
1.Attack 2.Skip 
Select your action:

    0   1   2   3   4   5   6   7 
  +---+---+---+---+---+---+---+---+
 0|   |   |   | ~~|   | ~~| h1| h1|
  +---+---+---+---+---+---+---+---+
 1| T3| b2| T3|   |   |   |   | T3|
  +---+---+---+---+---+---+---+---+
 2|   |   | S2|   |   | ~~| ~~|   |
  +---+---+---+---+---+---+---+---+
 3| T3|   |*  |   |   |   |   |   |
  +---+---+---+---+---+---+---+---+
 4|   |   |   |   |   |   |   |   |
  +---+---+---+---+---+---+---+---+
 5|*  | /\| F2|   |*h1| \/|   | /\|
  +---+---+---+---+---+---+---+---+
 6|   |   |   | ~~|   |   |   | /\|
  +---+---+---+---+---+---+---+---+
 7| ~~|   |*  |   |   |   |   |   |
  +---+---+---+---+---+---+---+---+

Please enter your target:

    0   1   2   3   4   5   6   7 
  +---+---+---+---+---+---+---+---+
 0|   |   |   | ~~|   | ~~| h1| h1|
  +---+---+---+---+---+---+---+---+
 1|+T3| b2|+T3|   |   |   |   |+T3|
  +---+---+---+---+---+---+---+---+
 2|   |   |+S2|   |   | ~~| ~~|   |
  +---+---+---+---+---+---+---+---+
 3|+T3|   |   |   |   |   |   |   |
  +---+---+---+---+---+---+---+---+
 4|   |   |   |   |   |   |   |   |
  +---+---+---+---+---+---+---+---+
 5|   | /\| F2|   |   | \/|   | /\|
  +---+---+---+---+---+---+---+---+
 6|   |   |   | ~~|   |   |   | /\|
  +---+---+---+---+---+---+---+---+
 7| ~~|   |   |   |   |   |   |   |
  +---+---+---+---+---+---+---+---+

End this turn (y,n)?
Please select a unit:
1.Move 2.Attack 3.Skip 
Select your action:

    0   1   2   3   4   5   6   7 
  +---+---+---+---+---+---+---+---+
 0|   |   |*  | ~~|   | ~~| h1| h1|
  +---+---+---+---+---+---+---+---+
 1| T3|*b2| T3|*  |*  |*  |*  |*T3|
  +---+---+---+---+---+---+---+---+
 2|   |   |*S2|   |   | ~~| ~~|   |
  +---+---+---+---+---+---+---+---+
 3| T3|   |   |   |   |   |   |   |
  +---+---+---+---+---+---+---+---+
 4|   |   |   |   |   |   |   |   |
  +---+---+---+---+---+---+---+---+
 5|   | /\| F2|   |   | \/|   | /\|
  +---+---+---+---+---+---+---+---+
 6|   |   |   | ~~|   |   |   | /\|
  +---+---+---+---+---+---+---+---+
 7| ~~|   |   |   |   |   |   |   |
  +---+---+---+---+---+---+---+---+

Please enter your target:

    0   1   2   3   4   5   6   7 
  +---+---+---+---+---+---+---+---+
 0|   |   |   | ~~|   | ~~| h1| h1|
  +---+---+---+---+---+---+---+---+
 1|+T2|   |+T3|   |   |   |   |+T3|
  +---+---+---+---+---+---+---+---+
 2|   |   |+S2|   |   | ~~| ~~|   |
  +---+---+---+---+---+---+---+---+
 3|+T3|   |   |   |   |   |   |   |
  +---+---+---+---+---+---+---+---+
 4|   |   |   |   |   |   |   |   |
  +---+---+---+---+---+---+---+---+
 5|   | /\| F2|   |   | \/|   | /\|
  +---+---+---+---+---+---+---+---+
 6|   |   |   | ~~|   |   |   | /\|
  +---+---+---+---+---+---+---+---+
 7| ~~|   |   |   |   |   |   |   |
  +---+---+---+---+---+---+---+---+

End this turn (y,n)?

    0   1   2   3   4   5   6   7 
  +---+---+---+---+---+---+---+---+
 0|   |   |   | ~~|   | ~~|   | h1|
  +---+---+---+---+---+---+---+---+
 1| T2|   | T3|   |   |   | h1|   |
  +---+---+---+---+---+---+---+---+
 2|   |   | S2|   |   | ~~| ~~|   |
  +---+---+---+---+---+---+---+---+
 3| T3|   |   |   |   |   |   |   |
  +---+---+---+---+---+---+---+---+
 4|   |   |   |   |   |   |   |   |
  +---+---+---+---+---+---+---+---+
 5|   | /\| F2|   |   | \/|   | /\|
  +---+---+---+---+---+---+---+---+
 6|   |   |   | ~~|   |   |   | /\|
  +---+---+---+---+---+---+---+---+
 7| ~~|   |   |   |   |   |   |   |
  +---+---+---+---+---+---+---+---+


    0   1   2   3   4   5   6   7 
  +---+---+---+---+---+---+---+---+
 0|   |   |   | ~~|   | ~~|   | h1|
  +---+---+---+---+---+---+---+---+
 1|+T2|   |+T3|   |   |   | h1|   |
  +---+---+---+---+---+---+---+---+
 2|   |   |+S2|   |   | ~~| ~~|   |
  +---+---+---+---+---+---+---+---+
 3|+T3|   |   |   |   |   |   |   |
  +---+---+---+---+---+---+---+---+
 4|   |   |   |   |   |   |   |   |
  +---+---+---+---+---+---+---+---+
 5|   | /\|+F2|   |   | \/|   | /\|
  +---+---+---+---+---+---+---+---+
 6|   |   |   | ~~|   |   |   | /\|
  +---+---+---+---+---+---+---+---+
 7| ~~|   |   |   |   |   |   |   |
  +---+---+---+---+---+---+---+---+

End this turn (y,n)?
Please select a unit:
1.Move 2.Attack 3.Skip 
Select your action:

    0   1   2   3   4   5   6   7 
  +---+---+---+---+---+---+---+---+
 0|   |   |*  | ~~|   | ~~|   | h1|
  +---+---+---+---+---+---+---+---+
 1|*T2|*  | T3|*  |*  |*  |*h1|   |
  +---+---+---+---+---+---+---+---+
 2|   |   |*S2|   |   | ~~| ~~|   |
  +---+---+---+---+---+---+---+---+
 3| T3|   |   |   |   |   |   |   |
  +---+---+---+---+---+---+---+---+
 4|   |   |   |   |   |   |   |   |
  +---+---+---+---+---+---+---+---+
 5|   | /\| F2|   |   | \/|   | /\|
  +---+---+---+---+---+---+---+---+
 6|   |   |   | ~~|   |   |   | /\|
  +---+---+---+---+---+---+---+---+
 7| ~~|   |   |   |   |   |   |   |
  +---+---+---+---+---+---+---+---+

Please enter your target:

    0   1   2   3   4   5   6   7 
  +---+---+---+---+---+---+---+---+
 0|   |   |   | ~~|   | ~~|   | h1|
  +---+---+---+---+---+---+---+---+
 1|+T2|   |+T3|   |   |   |   |   |
  +---+---+---+---+---+---+---+---+
 2|   |   |+S2|   |   | ~~| ~~|   |
  +---+---+---+---+---+---+---+---+
 3|+T3|   |   |   |   |   |   |   |
  +---+---+---+---+---+---+---+---+
 4|   |   |   |   |   |   |   |   |
  +---+---+---+---+---+---+---+---+
 5|   | /\|+F2|   |   | \/|   | /\|
  +---+---+---+---+---+---+---+---+
 6|   |   |   | ~~|   |   |   | /\|
  +---+---+---+---+---+---+---+---+
 7| ~~|   |   |   |   |   |   |   |
  +---+---+---+---+---+---+---+---+

End this turn (y,n)?
Please select a unit:
1.Move 2.Skip 
Select your action:

    0   1   2   3   4   5   6   7 
  +---+---+---+---+---+---+---+---+
 0|   |.  |.  | ~~|   | ~~|   | h1|
  +---+---+---+---+---+---+---+---+
 1| T2|.  |.T3|.  |.  |   |   |   |
  +---+---+---+---+---+---+---+---+
 2|   |.  | S2|.  |   | ~~| ~~|   |
  +---+---+---+---+---+---+---+---+
 3| T3|   |   |   |   |   |   |   |
  +---+---+---+---+---+---+---+---+
 4|   |   |   |   |   |   |   |   |
  +---+---+---+---+---+---+---+---+
 5|   | /\| F2|   |   | \/|   | /\|
  +---+---+---+---+---+---+---+---+
 6|   |   |   | ~~|   |   |   | /\|
  +---+---+---+---+---+---+---+---+
 7| ~~|   |   |   |   |   |   |   |
  +---+---+---+---+---+---+---+---+

Please enter your destination:

    0   1   2   3   4   5   6   7 
  +---+---+---+---+---+---+---+---+
 0|   |   | T3| ~~|   | ~~|   | h1|
  +---+---+---+---+---+---+---+---+
 1|+T2|   |   |   |   |   |   |   |
  +---+---+---+---+---+---+---+---+
 2|   |   |+S2|   |   | ~~| ~~|   |
  +---+---+---+---+---+---+---+---+
 3|+T3|   |   |   |   |   |   |   |
  +---+---+---+---+---+---+---+---+
 4|   |   |   |   |   |   |   |   |
  +---+---+---+---+---+---+---+---+
 5|   | /\|+F2|   |   | \/|   | /\|
  +---+---+---+---+---+---+---+---+
 6|   |   |   | ~~|   |   |   | /\|
  +---+---+---+---+---+---+---+---+
 7| ~~|   |   |   |   |   |   |   |
  +---+---+---+---+---+---+---+---+

End this turn (y,n)?
Please select a unit:
1.Move 2.Attack 3.Skip 
Select your action:

    0   1   2   3   4   5   6   7 
  +---+---+---+---+---+---+---+---+
 0|*  |   | T3| ~~|   | ~~|   | h1|
  +---+---+---+---+---+---+---+---+
 1| T2|*  |*  |*  |*  |*  |*  |*  |
  +---+---+---+---+---+---+---+---+
 2|*  |   | S2|   |   | ~~| ~~|   |
  +---+---+---+---+---+---+---+---+
 3|*T3|   |   |   |   |   |   |   |
  +---+---+---+---+---+---+---+---+
 4|   |   |   |   |   |   |   |   |
  +---+---+---+---+---+---+---+---+
 5|   | /\| F2|   |   | \/|   | /\|
  +---+---+---+---+---+---+---+---+
 6|   |   |   | ~~|   |   |   | /\|
  +---+---+---+---+---+---+---+---+
 7| ~~|   |   |   |   |   |   |   |
  +---+---+---+---+---+---+---+---+

Please enter your target:

    0   1   2   3   4   5   6   7 
  +---+---+---+---+---+---+---+---+
 0|   |   | T3| ~~|   | ~~|   | h1|
  +---+---+---+---+---+---+---+---+
 1|+T2|   |   |   |   |   |   |   |
  +---+---+---+---+---+---+---+---+
 2|   |   |+S2|   |   | ~~| ~~|   |
  +---+---+---+---+---+---+---+---+
 3|+T3|   |   |   |   |   |   |   |
  +---+---+---+---+---+---+---+---+
 4|   |   |   |   |   |   |   |   |
  +---+---+---+---+---+---+---+---+
 5|   | /\|+F2|   |   | \/|   | /\|
  +---+---+---+---+---+---+---+---+
 6|   |   |   | ~~|   |   |   | /\|
  +---+---+---+---+---+---+---+---+
 7| ~~|   |   |   |   |   |   |   |
  +---+---+---+---+---+---+---+---+

End this turn (y,n)?

    0   1   2   3   4   5   6   7 
  +---+---+---+---+---+---+---+---+
 0|   |   | T3| ~~|   | ~~| h1|   |
  +---+---+---+---+---+---+---+---+
 1| T2|   |   |   |   |   |   |   |
  +---+---+---+---+---+---+---+---+
 2|   |   | S2|   |   | ~~| ~~|   |
  +---+---+---+---+---+---+---+---+
 3| T3|   |   |   |   |   |   |   |
  +---+---+---+---+---+---+---+---+
 4|   |   |   |   |   |   |   |   |
  +---+---+---+---+---+---+---+---+
 5|   | /\| F2|   |   | \/|   | /\|
  +---+---+---+---+---+---+---+---+
 6|   |   |   | ~~|   |   |   | /\|
  +---+---+---+---+---+---+---+---+
 7| ~~|   |   |   |   |   |   |   |
  +---+---+---+---+---+---+---+---+


    0   1   2   3   4   5   6   7 
  +---+---+---+---+---+---+---+---+
 0|   |   |+T3| ~~|   | ~~| h1|   |
  +---+---+---+---+---+---+---+---+
 1|+T2|   |   |   |   |   |   |   |
  +---+---+---+---+---+---+---+---+
 2|   |   |+S2|   |   | ~~| ~~|   |
  +---+---+---+---+---+---+---+---+
 3|+T3|   |   |   |   |   |   |   |
  +---+---+---+---+---+---+---+---+
 4|   |   |   |   |   |   |   |   |
  +---+---+---+---+---+---+---+---+
 5|   | /\|+F2|   |   | \/|   | /\|
  +---+---+---+---+---+---+---+---+
 6|   |   |   | ~~|   |   |   | /\|
  +---+---+---+---+---+---+---+---+
 7| ~~|   |   |   |   |   |   |   |
  +---+---+---+---+---+---+---+---+

End this turn (y,n)?
Please select a unit:
1.Move 2.Attack 3.Skip 
Select your action:

    0   1   2   3   4   5   6   7 
  +---+---+---+---+---+---+---+---+
 0|   |   | T3| ~~|   | ~~| h1|   |
  +---+---+---+---+---+---+---+---+
 1| T2|.  |   |.  |   |   |   |   |
  +---+---+---+---+---+---+---+---+
 2|.  |.  | S2|.  |.  | ~~| ~~|   |
  +---+---+---+---+---+---+---+---+
 3| T3|.  |.  |.  |.  |.  |   |   |
  +---+---+---+---+---+---+---+---+
 4|.  |.  |.  |.  |.  |.  |.  |   |
  +---+---+---+---+---+---+---+---+
 5|.  | /\|.F2|.  |.  | \/|   | /\|
  +---+---+---+---+---+---+---+---+
 6|.  |.  |.  |.~~|.  |.  |.  | /\|
  +---+---+---+---+---+---+---+---+
 7|.~~|.  |.  |.  |.  |.  |   |   |
  +---+---+---+---+---+---+---+---+

Please enter your destination:

    0   1   2   3   4   5   6   7 
  +---+---+---+---+---+---+---+---+
 0|   |   |+T3| ~~|   | ~~| h1|   |
  +---+---+---+---+---+---+---+---+
 1|+T2|   |   |   |   |   |   |   |
  +---+---+---+---+---+---+---+---+
 2|   |   |+S2|   |   | ~~| ~~|   |
  +---+---+---+---+---+---+---+---+
 3|+T3|   |   |   |   |   |   |   |
  +---+---+---+---+---+---+---+---+
 4|   |   |   |   |   |   |+F2|   |
  +---+---+---+---+---+---+---+---+
 5|   | /\|   |   |   | \/|   | /\|
  +---+---+---+---+---+---+---+---+
 6|   |   |   | ~~|   |   |   | /\|
  +---+---+---+---+---+---+---+---+
 7| ~~|   |   |   |   |   |   |   |
  +---+---+---+---+---+---+---+---+

End this turn (y,n)?

    0   1   2   3   4   5   6   7 
  +---+---+---+---+---+---+---+---+
 0|   |   | T3| ~~|   | ~~|   |   |
  +---+---+---+---+---+---+---+---+
 1| T2|   |   |   | h1|   |   |   |
  +---+---+---+---+---+---+---+---+
 2|   |   | S2|   |   | ~~| ~~|   |
  +---+---+---+---+---+---+---+---+
 3| T3|   |   |   |   |   |   |   |
  +---+---+---+---+---+---+---+---+
 4|   |   |   |   |   |   | F3|   |
  +---+---+---+---+---+---+---+---+
 5|   | /\|   |   |   | \/|   | /\|
  +---+---+---+---+---+---+---+---+
 6|   |   |   | ~~|   |   |   | /\|
  +---+---+---+---+---+---+---+---+
 7| ~~|   |   |   |   |   |   |   |
  +---+---+---+---+---+---+---+---+


    0   1   2   3   4   5   6   7 
  +---+---+---+---+---+---+---+---+
 0|   |   |+T3| ~~|   | ~~|   |   |
  +---+---+---+---+---+---+---+---+
 1|+T2|   |   |   | h1|   |   |   |
  +---+---+---+---+---+---+---+---+
 2|   |   |+S2|   |   | ~~| ~~|   |
  +---+---+---+---+---+---+---+---+
 3|+T3|   |   |   |   |   |   |   |
  +---+---+---+---+---+---+---+---+
 4|   |   |   |   |   |   |+F3|   |
  +---+---+---+---+---+---+---+---+
 5|   | /\|   |   |   | \/|   | /\|
  +---+---+---+---+---+---+---+---+
 6|   |   |   | ~~|   |   |   | /\|
  +---+---+---+---+---+---+---+---+
 7| ~~|   |   |   |   |   |   |   |
  +---+---+---+---+---+---+---+---+

End this turn (y,n)?
Please select a unit:
1.Move 2.Attack 3.Skip 
Select your action:

    0   1   2   3   4   5   6   7 
  +---+---+---+---+---+---+---+---+
 0|   |.  | T3| ~~|   | ~~|   |   |
  +---+---+---+---+---+---+---+---+
 1| T2|.  |.  |.  | h1|   |   |   |
  +---+---+---+---+---+---+---+---+
 2|.  |.  |.S2|.  |.  | ~~| ~~|   |
  +---+---+---+---+---+---+---+---+
 3| T3|.  |.  |.  |.  |   |   |   |
  +---+---+---+---+---+---+---+---+
 4|   |.  |.  |.  |   |   | F3|   |
  +---+---+---+---+---+---+---+---+
 5|   | /\|.  |   |   | \/|   | /\|
  +---+---+---+---+---+---+---+---+
 6|   |   |   | ~~|   |   |   | /\|
  +---+---+---+---+---+---+---+---+
 7| ~~|   |   |   |   |   |   |   |
  +---+---+---+---+---+---+---+---+

Please enter your destination:

    0   1   2   3   4   5   6   7 
  +---+---+---+---+---+---+---+---+
 0|   |   |+T3| ~~|   | ~~|   |   |
  +---+---+---+---+---+---+---+---+
 1|+T2|   |   |+S2| h1|   |   |   |
  +---+---+---+---+---+---+---+---+
 2|   |   |   |   |   | ~~| ~~|   |
  +---+---+---+---+---+---+---+---+
 3|+T3|   |   |   |   |   |   |   |
  +---+---+---+---+---+---+---+---+
 4|   |   |   |   |   |   |+F3|   |
  +---+---+---+---+---+---+---+---+
 5|   | /\|   |   |   | \/|   | /\|
  +---+---+---+---+---+---+---+---+
 6|   |   |   | ~~|   |   |   | /\|
  +---+---+---+---+---+---+---+---+
 7| ~~|   |   |   |   |   |   |   |
  +---+---+---+---+---+---+---+---+

End this turn (y,n)?
Please select a unit:
1.Attack 2.Skip 
Select your action:

    0   1   2   3   4   5   6   7 
  +---+---+---+---+---+---+---+---+
 0|   |   | T3|*~~|   | ~~|   |   |
  +---+---+---+---+---+---+---+---+
 1| T2|   |*  | S2|*h1|   |   |   |
  +---+---+---+---+---+---+---+---+
 2|   |   |   |*  |   | ~~| ~~|   |
  +---+---+---+---+---+---+---+---+
 3| T3|   |   |   |   |   |   |   |
  +---+---+---+---+---+---+---+---+
 4|   |   |   |   |   |   | F3|   |
  +---+---+---+---+---+---+---+---+
 5|   | /\|   |   |   | \/|   | /\|
  +---+---+---+---+---+---+---+---+
 6|   |   |   | ~~|   |   |   | /\|
  +---+---+---+---+---+---+---+---+
 7| ~~|   |   |   |   |   |   |   |
  +---+---+---+---+---+---+---+---+

Please enter your target:

    0   1   2   3   4   5   6   7 
  +---+---+---+---+---+---+---+---+
 0|   |   |+T3| ~~|   | ~~|   |   |
  +---+---+---+---+---+---+---+---+
 1|+T2|   |   | S2|   |   |   |   |
  +---+---+---+---+---+---+---+---+
 2|   |   |   |   |   | ~~| ~~|   |
  +---+---+---+---+---+---+---+---+
 3|+T3|   |   |   |   |   |   |   |
  +---+---+---+---+---+---+---+---+
 4|   |   |   |   |   |   |+F3|   |
  +---+---+---+---+---+---+---+---+
 5|   | /\|   |   |   | \/|   | /\|
  +---+---+---+---+---+---+---+---+
 6|   |   |   | ~~|   |   |   | /\|
  +---+---+---+---+---+---+---+---+
 7| ~~|   |   |   |   |   |   |   |
  +---+---+---+---+---+---+---+---+

End this turn (y,n)?
Please select a unit:
1.Move 2.Attack 3.Skip 
Select your action:

    0   1   2   3   4   5   6   7 
  +---+---+---+---+---+---+---+---+
 0|*  |   | T3| ~~|   | ~~|   |   |
  +---+---+---+---+---+---+---+---+
 1| T2|*  |*  |*S2|   |   |   |   |
  +---+---+---+---+---+---+---+---+
 2|*  |   |   |   |   | ~~| ~~|   |
  +---+---+---+---+---+---+---+---+
 3|*T3|   |   |   |   |   |   |   |
  +---+---+---+---+---+---+---+---+
 4|   |   |   |   |   |   | F3|   |
  +---+---+---+---+---+---+---+---+
 5|   | /\|   |   |   | \/|   | /\|
  +---+---+---+---+---+---+---+---+
 6|   |   |   | ~~|   |   |   | /\|
  +---+---+---+---+---+---+---+---+
 7| ~~|   |   |   |   |   |   |   |
  +---+---+---+---+---+---+---+---+

Please enter your target:

    0   1   2   3   4   5   6   7 
  +---+---+---+---+---+---+---+---+
 0|   |   |+T3| ~~|   | ~~|   |   |
  +---+---+---+---+---+---+---+---+
 1|+T2|   |   |   | S1|   |   |   |
  +---+---+---+---+---+---+---+---+
 2|   |   |   |   |   | ~~| ~~|   |
  +---+---+---+---+---+---+---+---+
 3|+T3|   |   |   |   |   |   |   |
  +---+---+---+---+---+---+---+---+
 4|   |   |   |   |   |   |+F3|   |
  +---+---+---+---+---+---+---+---+
 5|   | /\|   |   |   | \/|   | /\|
  +---+---+---+---+---+---+---+---+
 6|   |   |   | ~~|   |   |   | /\|
  +---+---+---+---+---+---+---+---+
 7| ~~|   |   |   |   |   |   |   |
  +---+---+---+---+---+---+---+---+

End this turn (y,n)?
Please select a unit:
1.Move 2.Attack 3.Skip 
Select your action:

    0   1   2   3   4   5   6   7 
  +---+---+---+---+---+---+---+---+
 0|.  |.  |.T3| ~~|   | ~~|   |   |
  +---+---+---+---+---+---+---+---+
 1| T2|.  |.  |.  | S1|   |   |   |
  +---+---+---+---+---+---+---+---+
 2|   |   |.  |   |   | ~~| ~~|   |
  +---+---+---+---+---+---+---+---+
 3| T3|   |   |   |   |   |   |   |
  +---+---+---+---+---+---+---+---+
 4|   |   |   |   |   |   | F3|   |
  +---+---+---+---+---+---+---+---+
 5|   | /\|   |   |   | \/|   | /\|
  +---+---+---+---+---+---+---+---+
 6|   |   |   | ~~|   |   |   | /\|
  +---+---+---+---+---+---+---+---+
 7| ~~|   |   |   |   |   |   |   |
  +---+---+---+---+---+---+---+---+

Please enter your destination:

    0   1   2   3   4   5   6   7 
  +---+---+---+---+---+---+---+---+
 0|   |   |   | ~~|   | ~~|   |   |
  +---+---+---+---+---+---+---+---+
 1|+T2|   |+T3|   | S1|   |   |   |
  +---+---+---+---+---+---+---+---+
 2|   |   |   |   |   | ~~| ~~|   |
  +---+---+---+---+---+---+---+---+
 3|+T3|   |   |   |   |   |   |   |
  +---+---+---+---+---+---+---+---+
 4|   |   |   |   |   |   |+F3|   |
  +---+---+---+---+---+---+---+---+
 5|   | /\|   |   |   | \/|   | /\|
  +---+---+---+---+---+---+---+---+
 6|   |   |   | ~~|   |   |   | /\|
  +---+---+---+---+---+---+---+---+
 7| ~~|   |   |   |   |   |   |   |
  +---+---+---+---+---+---+---+---+

End this turn (y,n)?
Please select a unit:
1.Attack 2.Skip 
Select your action:

    0   1   2   3   4   5   6   7 
  +---+---+---+---+---+---+---+---+
 0|   |   |*  | ~~|   | ~~|   |   |
  +---+---+---+---+---+---+---+---+
 1|*T2|*  | T3|*  |*S1|   |   |   |
  +---+---+---+---+---+---+---+---+
 2|   |   |*  |   |   | ~~| ~~|   |
  +---+---+---+---+---+---+---+---+
 3| T3|   |*  |   |   |   |   |   |
  +---+---+---+---+---+---+---+---+
 4|   |   |*  |   |   |   | F3|   |
  +---+---+---+---+---+---+---+---+
 5|   | /\|*  |   |   | \/|   | /\|
  +---+---+---+---+---+---+---+---+
 6|   |   |*  | ~~|   |   |   | /\|
  +---+---+---+---+---+---+---+---+
 7| ~~|   |*  |   |   |   |   |   |
  +---+---+---+---+---+---+---+---+

Please enter your target:

    0   1   2   3   4   5   6   7 
  +---+---+---+---+---+---+---+---+
 0|   |   |   | ~~|   | ~~|   |   |
  +---+---+---+---+---+---+---+---+
 1|+T2|   | T3|   | S1|   |   |   |
  +---+---+---+---+---+---+---+---+
 2|   |   |   |   |   | ~~| ~~|   |
  +---+---+---+---+---+---+---+---+
 3|+T3|   |   |   |   |   |   |   |
  +---+---+---+---+---+---+---+---+
 4|   |   |   |   |   |   |+F3|   |
  +---+---+---+---+---+---+---+---+
 5|   | /\|   |   |   | \/|   | /\|
  +---+---+---+---+---+---+---+---+
 6|   |   |   | ~~|   |   |   | /\|
  +---+---+---+---+---+---+---+---+
 7| ~~|   |   |   |   |   |   |   |
  +---+---+---+---+---+---+---+---+

End this turn (y,n)?
Please select a unit:
1.Move 2.Attack 3.Skip 
Select your action:

    0   1   2   3   4   5   6   7 
  +---+---+---+---+---+---+---+---+
 0|   |   |   | ~~|   |.~~|.  |.  |
  +---+---+---+---+---+---+---+---+
 1| T2|   | T3|   | S1|.  |.  |.  |
  +---+---+---+---+---+---+---+---+
 2|   |   |   |.  |.  |.~~|.~~|.  |
  +---+---+---+---+---+---+---+---+
 3| T3|   |.  |.  |.  |.  |.  |.  |
  +---+---+---+---+---+---+---+---+
 4|   |.  |.  |.  |.  |.  |.F3|.  |
  +---+---+---+---+---+---+---+---+
 5|   | /\|.  |.  |.  | \/|.  | /\|
  +---+---+---+---+---+---+---+---+
 6|   |   |   |.~~|.  |.  |.  | /\|
  +---+---+---+---+---+---+---+---+
 7| ~~|   |   |   |.  |.  |.  |.  |
  +---+---+---+---+---+---+---+---+

Please enter your destination:

    0   1   2   3   4   5   6   7 
  +---+---+---+---+---+---+---+---+
 0|   |   |   | ~~|   | ~~|   |   |
  +---+---+---+---+---+---+---+---+
 1|+T2|   | T3|   | S1|   |   |   |
  +---+---+---+---+---+---+---+---+
 2|   |   |   |   |   | ~~| ~~|   |
  +---+---+---+---+---+---+---+---+
 3|+T3|   |   |   |   |+F3|   |   |
  +---+---+---+---+---+---+---+---+
 4|   |   |   |   |   |   |   |   |
  +---+---+---+---+---+---+---+---+
 5|   | /\|   |   |   | \/|   | /\|
  +---+---+---+---+---+---+---+---+
 6|   |   |   | ~~|   |   |   | /\|
  +---+---+---+---+---+---+---+---+
 7| ~~|   |   |   |   |   |   |   |
  +---+---+---+---+---+---+---+---+

End this turn (y,n)?
Please select a unit:
1.Attack 2.Skip 
Select your action:

    0   1   2   3   4   5   6   7 
  +---+---+---+---+---+---+---+---+
 0|   |   |   | ~~|   | ~~|   |   |
  +---+---+---+---+---+---+---+---+
 1| T2|   | T3|   | S1|*  |   |   |
  +---+---+---+---+---+---+---+---+
 2|   |   |   |   |   | ~~| ~~|   |
  +---+---+---+---+---+---+---+---+
 3| T3|   |   |*  |   | F3|   |*  |
  +---+---+---+---+---+---+---+---+
 4|   |   |   |   |   |   |   |   |
  +---+---+---+---+---+---+---+---+
 5|   | /\|   |   |   |*\/|   | /\|
  +---+---+---+---+---+---+---+---+
 6|   |   |   | ~~|   |   |   | /\|
  +---+---+---+---+---+---+---+---+
 7| ~~|   |   |   |   |   |   |   |
  +---+---+---+---+---+---+---+---+

Please enter your target:

    0   1   2   3   4   5   6   7 
  +---+---+---+---+---+---+---+---+
 0|   |   |   | ~~|   | ~~|   |   |
  +---+---+---+---+---+---+---+---+
 1|+T2|   | T3| S1|   |   |   |   |
  +---+---+---+---+---+---+---+---+
 2|   |   |   |   |   | ~~| ~~|   |
  +---+---+---+---+---+---+---+---+
 3|+T3|   |   |   |   | F3|   |   |
  +---+---+---+---+---+---+---+---+
 4|   |   |   |   |   |   |   |   |
  +---+---+---+---+---+---+---+---+
 5|   | /\|   |   |   | \/|   | /\|
  +---+---+---+---+---+---+---+---+
 6|   |   |   | ~~|   |   |   | /\|
  +---+---+---+---+---+---+---+---+
 7| ~~|   |   |   |   |   |   |   |
  +---+---+---+---+---+---+---+---+

End this turn (y,n)?

    0   1   2   3   4   5   6   7 
  +---+---+---+---+---+---+---+---+
 0|   |   |   | ~~|   | ~~|   |   |
  +---+---+---+---+---+---+---+---+
 1| T2|   | T3| S1|   |   |   |   |
  +---+---+---+---+---+---+---+---+
 2|   |   |   |   |   | ~~| ~~|   |
  +---+---+---+---+---+---+---+---+
 3| T3|   |   |   |   | F4|   |   |
  +---+---+---+---+---+---+---+---+
 4|   |   |   |   |   |   |   |   |
  +---+---+---+---+---+---+---+---+
 5|   | /\|   |   |   | \/|   | /\|
  +---+---+---+---+---+---+---+---+
 6|   |   |   | ~~|   |   |   | /\|
  +---+---+---+---+---+---+---+---+
 7| ~~|   |   |   |   |   |   |   |
  +---+---+---+---+---+---+---+---+

Won
